<?xml version="1.0" encoding="UTF-8"?>
<!-- Generated by org.testng.reporters.JUnitXMLReporter -->
<testsuite ignored="2" hostname="LAPTOP-ELCVUVJ6" failures="0" tests="7" name="edgeTest" time="187.805" errors="0" timestamp="2024-03-20T22:19:37 IST">
  <testcase classname="com.prach_project.testcases.Baseclass" name="@BeforeTest setupapp" time="185.416">
    <failure type="org.openqa.selenium.TimeoutException" message="java.util.concurrent.TimeoutException
Build info: version: &amp;apos;4.16.1&amp;apos;, revision: &amp;apos;9b4c83354e&amp;apos;
System info: os.name: &amp;apos;Windows 10&amp;apos;, os.arch: &amp;apos;amd64&amp;apos;, os.version: &amp;apos;10.0&amp;apos;, java.version: &amp;apos;16.0.2&amp;apos;
Driver info: org.openqa.selenium.edge.EdgeDriver
Command: [4cccc41def7e5523d33f4ba26904ddb9, get {url=http://www.automationpractice.pl/index.php}]
Capabilities {acceptInsecureCerts: false, browserName: MicrosoftEdge, browserVersion: 122.0.2365.92, fedcm:accounts: true, ms:edgeOptions: {debuggerAddress: localhost:56087}, msedge: {msedgedriverVersion: 122.0.2365.92 (908657ec17be..., userDataDir: C:\Users\kahme\AppData\Loca...}, networkConnectionEnabled: false, pageLoadStrategy: normal, platformName: windows, proxy: Proxy(), se:cdp: ws://localhost:56087/devtoo..., se:cdpVersion: 122.0.2365.92, setWindowRect: true, strictFileInteractability: false, timeouts: {implicit: 0, pageLoad: 300000, script: 30000}, unhandledPromptBehavior: dismiss and notify, webauthn:extension:credBlob: true, webauthn:extension:largeBlob: true, webauthn:extension:minPinLength: true, webauthn:extension:prf: true, webauthn:virtualAuthenticators: true}
Session ID: 4cccc41def7e5523d33f4ba26904ddb9">
      <![CDATA[org.openqa.selenium.TimeoutException: java.util.concurrent.TimeoutException
Build info: version: '4.16.1', revision: '9b4c83354e'
System info: os.name: 'Windows 10', os.arch: 'amd64', os.version: '10.0', java.version: '16.0.2'
Driver info: org.openqa.selenium.edge.EdgeDriver
Command: [4cccc41def7e5523d33f4ba26904ddb9, get {url=http://www.automationpractice.pl/index.php}]
Capabilities {acceptInsecureCerts: false, browserName: MicrosoftEdge, browserVersion: 122.0.2365.92, fedcm:accounts: true, ms:edgeOptions: {debuggerAddress: localhost:56087}, msedge: {msedgedriverVersion: 122.0.2365.92 (908657ec17be..., userDataDir: C:\Users\kahme\AppData\Loca...}, networkConnectionEnabled: false, pageLoadStrategy: normal, platformName: windows, proxy: Proxy(), se:cdp: ws://localhost:56087/devtoo..., se:cdpVersion: 122.0.2365.92, setWindowRect: true, strictFileInteractability: false, timeouts: {implicit: 0, pageLoad: 300000, script: 30000}, unhandledPromptBehavior: dismiss and notify, webauthn:extension:credBlob: true, webauthn:extension:largeBlob: true, webauthn:extension:minPinLength: true, webauthn:extension:prf: true, webauthn:virtualAuthenticators: true}
Session ID: 4cccc41def7e5523d33f4ba26904ddb9
at org.openqa.selenium.remote.http.jdk.JdkHttpClient.execute0(JdkHttpClient.java:402)
at org.openqa.selenium.remote.http.AddSeleniumUserAgent.lambda$apply$0(AddSeleniumUserAgent.java:42)
at org.openqa.selenium.remote.http.Filter.lambda$andFinally$1(Filter.java:55)
at org.openqa.selenium.remote.http.jdk.JdkHttpClient.execute(JdkHttpClient.java:358)
at org.openqa.selenium.remote.HttpCommandExecutor.execute(HttpCommandExecutor.java:188)
at org.openqa.selenium.remote.service.DriverCommandExecutor.invokeExecute(DriverCommandExecutor.java:200)
at org.openqa.selenium.remote.service.DriverCommandExecutor.execute(DriverCommandExecutor.java:175)
at org.openqa.selenium.remote.RemoteWebDriver.execute(RemoteWebDriver.java:523)
at org.openqa.selenium.remote.RemoteWebDriver.get(RemoteWebDriver.java:305)
at com.prach_project.testcases.Baseclass.setupapp(Baseclass.java:46)
Caused by: java.util.concurrent.TimeoutException
at java.base/java.util.concurrent.CompletableFuture.timedGet(CompletableFuture.java:1956)
at java.base/java.util.concurrent.CompletableFuture.get(CompletableFuture.java:2091)
at org.openqa.selenium.remote.http.jdk.JdkHttpClient.execute0(JdkHttpClient.java:385)
... 33 more
... Removed 24 stack frames]]>
    </failure>
  </testcase> <!-- @BeforeTest setupapp -->
  <testcase classname="com.prach_project.testcases.Baseclass" name="@AfterTest teardown" time="0.0">
    <skipped/>
  </testcase> <!-- @AfterTest teardown -->
  <testcase classname="com.prach_project.testcases.TC_women_001" name="verifyWomenProductIsSelecting" time="0.0">
    <skipped/>
  </testcase> <!-- verifyWomenProductIsSelecting -->
  <testcase classname="com.prach_project.testcases.TC_women_001" name="verifyWomenProductIsSelecting" time="0.0">
    <skipped/>
  </testcase> <!-- verifyWomenProductIsSelecting -->
  <testcase classname="com.prach_project.testcases.TC_Login_001" name="loginForFirst4" time="0.0">
    <skipped/>
  </testcase> <!-- loginForFirst4 -->
  <testcase classname="com.prach_project.testcases.TC_Login_001" name="loginForFirst4" time="0.001">
    <skipped/>
  </testcase> <!-- loginForFirst4 -->
  <testcase classname="com.prach_project.testcases.TC_Login_001" name="loginForFirst4" time="0.0">
    <skipped/>
  </testcase> <!-- loginForFirst4 -->
  <testcase classname="com.prach_project.testcases.TC_Login_001" name="loginForFirst4" time="0.0">
    <skipped/>
  </testcase> <!-- loginForFirst4 -->
  <testcase classname="com.prach_project.testcases.TC_Login_001" name="loginForFirst4" time="0.0">
    <skipped/>
  </testcase> <!-- loginForFirst4 -->
  <testcase classname="com.prach_project.testcases.Baseclass" name="@BeforeTest setupapp" time="0.0">
    <ignored/>
  </testcase> <!-- @BeforeTest setupapp -->
  <testcase classname="com.prach_project.testcases.Baseclass" name="@AfterTest teardown" time="0.0">
    <ignored/>
  </testcase> <!-- @AfterTest teardown -->
</testsuite> <!-- edgeTest -->
