<?xml version="1.0" encoding="UTF-8"?>
<!-- Generated by org.testng.reporters.JUnitXMLReporter -->
<testsuite ignored="2" hostname="LAPTOP-ELCVUVJ6" failures="5" tests="7" name="Test" time="76.417" errors="0" timestamp="2024-03-20T19:29:35 IST">
  <testcase classname="com.prach_project.testcases.TC_women_001" name="verifyWomenProductIsSelecting" time="32.879"/>
  <testcase classname="com.prach_project.testcases.TC_women_001" name="verifyWomenProductIsSelecting" time="2.931">
    <failure type="java.lang.IllegalArgumentException" message="Keys to send should be a not null CharSequence">
      <![CDATA[java.lang.IllegalArgumentException: Keys to send should be a not null CharSequence
at org.openqa.selenium.remote.RemoteWebElement.sendKeys(RemoteWebElement.java:97)
at com.prach_project.pageobject.Loginpage.signInEmail(Loginpage.java:67)
at com.prach_project.testcases.TC_women_001.verifyWomenProductIsSelecting(TC_women_001.java:24)
at java.base/java.util.ArrayList.forEach(ArrayList.java:1511)
... Removed 27 stack frames]]>
    </failure>
  </testcase> <!-- verifyWomenProductIsSelecting -->
  <testcase classname="com.prach_project.testcases.TC_Login_001" name="loginForFirst4" time="7.605"/>
  <testcase classname="com.prach_project.testcases.TC_Login_001" name="loginForFirst4" time="3.7">
    <failure type="java.lang.AssertionError" message="this verify is wrong expected [true] but found [false]">
      <![CDATA[java.lang.AssertionError: this verify is wrong expected [true] but found [false]
at com.prach_project.pageobject.Signinpage.signInPageVerifyLaunch(Signinpage.java:24)
at com.prach_project.testcases.TC_Login_001.loginForFirst4(TC_Login_001.java:31)
at java.base/java.util.ArrayList.forEach(ArrayList.java:1511)
... Removed 30 stack frames]]>
    </failure>
  </testcase> <!-- loginForFirst4 -->
  <testcase classname="com.prach_project.testcases.TC_Login_001" name="loginForFirst4" time="3.081">
    <failure type="java.lang.AssertionError" message="this verify is wrong expected [true] but found [false]">
      <![CDATA[java.lang.AssertionError: this verify is wrong expected [true] but found [false]
at com.prach_project.pageobject.Signinpage.signInPageVerifyLaunch(Signinpage.java:24)
at com.prach_project.testcases.TC_Login_001.loginForFirst4(TC_Login_001.java:31)
at java.base/java.util.ArrayList.forEach(ArrayList.java:1511)
... Removed 30 stack frames]]>
    </failure>
  </testcase> <!-- loginForFirst4 -->
  <testcase classname="com.prach_project.testcases.TC_Login_001" name="loginForFirst4" time="3.356">
    <failure type="java.lang.AssertionError" message="this verify is wrong expected [true] but found [false]">
      <![CDATA[java.lang.AssertionError: this verify is wrong expected [true] but found [false]
at com.prach_project.pageobject.Signinpage.signInPageVerifyLaunch(Signinpage.java:24)
at com.prach_project.testcases.TC_Login_001.loginForFirst4(TC_Login_001.java:31)
at java.base/java.util.ArrayList.forEach(ArrayList.java:1511)
... Removed 30 stack frames]]>
    </failure>
  </testcase> <!-- loginForFirst4 -->
  <testcase classname="com.prach_project.testcases.TC_Login_001" name="loginForFirst4" time="1.631">
    <failure type="java.lang.IllegalArgumentException" message="Keys to send should be a not null CharSequence">
      <![CDATA[java.lang.IllegalArgumentException: Keys to send should be a not null CharSequence
at org.openqa.selenium.remote.RemoteWebElement.sendKeys(RemoteWebElement.java:97)
at com.prach_project.pageobject.Loginpage.signInEmail(Loginpage.java:67)
at com.prach_project.testcases.TC_Login_001.loginForFirst4(TC_Login_001.java:27)
at java.base/java.util.ArrayList.forEach(ArrayList.java:1511)
... Removed 27 stack frames]]>
    </failure>
  </testcase> <!-- loginForFirst4 -->
  <testcase classname="com.prach_project.testcases.Baseclass" name="@BeforeTest setupapp" time="0.0">
    <ignored/>
  </testcase> <!-- @BeforeTest setupapp -->
  <testcase classname="com.prach_project.testcases.Baseclass" name="@AfterTest teardown" time="0.0">
    <ignored/>
  </testcase> <!-- @AfterTest teardown -->
</testsuite> <!-- Test -->
