<!DOCTYPE html>

<html>
  <head>
  <meta charset='utf-8'>
  <title>TestNG reports</title>

    <link type="text/css" href="testng-reports1.css" rel="stylesheet" id="ultra" />
    <link type="text/css" href="testng-reports.css" rel="stylesheet" id="retro" disabled="false"/>
    <script type="text/javascript" src="jquery-3.6.0.min.js"></script>
    <script type="text/javascript" src="testng-reports.js"></script>
    <script type="text/javascript" src="https://www.google.com/jsapi"></script>
    <script type='text/javascript'>
      google.load('visualization', '1', {packages:['table']});
      google.setOnLoadCallback(drawTable);
      var suiteTableInitFunctions = new Array();
      var suiteTableData = new Array();
    </script>
    <!--
      <script type="text/javascript" src="jquery-ui/js/jquery-ui-1.8.16.custom.min.js"></script>
     -->
  </head>

  <body>    <div class="top-banner-root">
      <span class="top-banner-title-font">Test results</span>
      <button id="button" class="button">Switch Retro Theme</button> <!-- button -->
      <br/>
      <span class="top-banner-font-1">1 suite, 19 failed tests</span>
    </div> <!-- top-banner-root -->
    <div class="navigator-root">
      <div class="navigator-suite-header">
        <span>All suites</span>
        <a href="#" title="Collapse/expand all the suites" class="collapse-all-link">
          <img src="collapseall.gif" class="collapse-all-icon">
          </img> <!-- collapse-all-icon -->
        </a> <!-- collapse-all-link -->
      </div> <!-- navigator-suite-header -->
      <div class="suite">
        <div class="rounded-window">
          <div class="suite-header light-rounded-window-top">
            <a href="#" panel-name="suite-Failed_suite__Suite_" class="navigator-link">
              <span class="suite-name border-failed">Failed suite [Suite]</span>
            </a> <!-- navigator-link -->
          </div> <!-- suite-header light-rounded-window-top -->
          <div class="navigator-suite-content">
            <div class="suite-section-title">
              <span>Info</span>
            </div> <!-- suite-section-title -->
            <div class="suite-section-content">
              <ul>
                <li>
                  <a href="#" panel-name="test-xml-Failed_suite__Suite_" class="navigator-link ">
                    <span>C:\Users\kahme\eclipse-workspace\prach_project\test-output\testng-failed.xml</span>
                  </a> <!-- navigator-link  -->
                </li>
                <li>
                  <a href="#" panel-name="testlist-Failed_suite__Suite_" class="navigator-link ">
                    <span class="test-stats">3 tests</span>
                  </a> <!-- navigator-link  -->
                </li>
                <li>
                  <a href="#" panel-name="group-Failed_suite__Suite_" class="navigator-link ">
                    <span>0 groups</span>
                  </a> <!-- navigator-link  -->
                </li>
                <li>
                  <a href="#" panel-name="times-Failed_suite__Suite_" class="navigator-link ">
                    <span>Times</span>
                  </a> <!-- navigator-link  -->
                </li>
                <li>
                  <a href="#" panel-name="reporter-Failed_suite__Suite_" class="navigator-link ">
                    <span>Reporter output</span>
                  </a> <!-- navigator-link  -->
                </li>
                <li>
                  <a href="#" panel-name="ignored-methods-Failed_suite__Suite_" class="navigator-link ">
                    <span>Ignored methods</span>
                  </a> <!-- navigator-link  -->
                </li>
                <li>
                  <a href="#" panel-name="chronological-Failed_suite__Suite_" class="navigator-link ">
                    <span>Chronological view</span>
                  </a> <!-- navigator-link  -->
                </li>
              </ul>
            </div> <!-- suite-section-content -->
            <div class="result-section">
              <div class="suite-section-title">
                <span>Results</span>
              </div> <!-- suite-section-title -->
              <div class="suite-section-content">
                <ul>
                  <li>
                    <span class="method-stats">21 methods, 19 failed,   2 passed</span>
                  </li>
                  <li>
                    <span class="method-list-title failed">Failed methods</span>
                    <span class="show-or-hide-methods failed">
                      <a href="#" panel-name="suite-Failed_suite__Suite_" class="hide-methods failed suite-Failed_suite__Suite_"> (hide)</a> <!-- hide-methods failed suite-Failed_suite__Suite_ -->
                      <a href="#" panel-name="suite-Failed_suite__Suite_" class="show-methods failed suite-Failed_suite__Suite_"> (show)</a> <!-- show-methods failed suite-Failed_suite__Suite_ -->
                    </span>
                    <div class="method-list-content failed suite-Failed_suite__Suite_">
                      <span>
                        <img src="failed.png" width="3%"/>
                        <a href="#" panel-name="suite-Failed_suite__Suite_" title="com.prach_project.testcases.TC_Login_001" class="method navigator-link" hash-for-method="loginForFirst4(qwer@gmail.com, rambo1)">loginForFirst4(qwer@gmail.com, rambo1)</a> <!-- method navigator-link -->
                      </span>
                      <br/>
                      <span>
                        <img src="failed.png" width="3%"/>
                        <a href="#" panel-name="suite-Failed_suite__Suite_" title="com.prach_project.testcases.TC_Login_001" class="method navigator-link" hash-for-method="loginForFirst4(null, null)">loginForFirst4(null, null)</a> <!-- method navigator-link -->
                      </span>
                      <br/>
                      <span>
                        <img src="failed.png" width="3%"/>
                        <a href="#" panel-name="suite-Failed_suite__Suite_" title="com.prach_project.testcases.TC_Login_001" class="method navigator-link" hash-for-method="loginForFirst4(qwertyuiop@gmail.com, rambo)">loginForFirst4(qwertyuiop@gmail.com, rambo)</a> <!-- method navigator-link -->
                      </span>
                      <br/>
                      <span>
                        <img src="failed.png" width="3%"/>
                        <a href="#" panel-name="suite-Failed_suite__Suite_" title="com.prach_project.testcases.TC_Login_001" class="method navigator-link" hash-for-method="loginForFirst4(qwertyuiop@gmail.com, rambo1)">loginForFirst4(qwertyuiop@gmail.com, rambo1)</a> <!-- method navigator-link -->
                      </span>
                      <br/>
                      <span>
                        <img src="failed.png" width="3%"/>
                        <a href="#" panel-name="suite-Failed_suite__Suite_" title="com.prach_project.testcases.TC_Login_001" class="method navigator-link" hash-for-method="loginForFirst4(qwertyuiop@gmail.com, rambo1)">loginForFirst4(qwertyuiop@gmail.com, rambo1)</a> <!-- method navigator-link -->
                      </span>
                      <br/>
                      <span>
                        <img src="failed.png" width="3%"/>
                        <a href="#" panel-name="suite-Failed_suite__Suite_" title="com.prach_project.testcases.TC_Login_001" class="method navigator-link" hash-for-method="loginForFirst4(qwer@gmail.com, rambo)">loginForFirst4(qwer@gmail.com, rambo)</a> <!-- method navigator-link -->
                      </span>
                      <br/>
                      <span>
                        <img src="failed.png" width="3%"/>
                        <a href="#" panel-name="suite-Failed_suite__Suite_" title="com.prach_project.testcases.TC_Login_001" class="method navigator-link" hash-for-method="loginForFirst4(qwertyuiop@gmail.com, rambo)">loginForFirst4(qwertyuiop@gmail.com, rambo)</a> <!-- method navigator-link -->
                      </span>
                      <br/>
                      <span>
                        <img src="failed.png" width="3%"/>
                        <a href="#" panel-name="suite-Failed_suite__Suite_" title="com.prach_project.testcases.TC_Login_001" class="method navigator-link" hash-for-method="loginForFirst4(qwer@gmail.com, rambo1)">loginForFirst4(qwer@gmail.com, rambo1)</a> <!-- method navigator-link -->
                      </span>
                      <br/>
                      <span>
                        <img src="failed.png" width="3%"/>
                        <a href="#" panel-name="suite-Failed_suite__Suite_" title="com.prach_project.testcases.TC_Login_001" class="method navigator-link" hash-for-method="loginForFirst4(null, null)">loginForFirst4(null, null)</a> <!-- method navigator-link -->
                      </span>
                      <br/>
                      <span>
                        <img src="failed.png" width="3%"/>
                        <a href="#" panel-name="suite-Failed_suite__Suite_" title="com.prach_project.testcases.TC_Login_001" class="method navigator-link" hash-for-method="loginForFirst4(qwertyuiop@gmail.com, rambo)">loginForFirst4(qwertyuiop@gmail.com, rambo)</a> <!-- method navigator-link -->
                      </span>
                      <br/>
                      <span>
                        <img src="failed.png" width="3%"/>
                        <a href="#" panel-name="suite-Failed_suite__Suite_" title="com.prach_project.testcases.TC_Login_001" class="method navigator-link" hash-for-method="loginForFirst4(qwer@gmail.com, rambo1)">loginForFirst4(qwer@gmail.com, rambo1)</a> <!-- method navigator-link -->
                      </span>
                      <br/>
                      <span>
                        <img src="failed.png" width="3%"/>
                        <a href="#" panel-name="suite-Failed_suite__Suite_" title="com.prach_project.testcases.TC_Login_001" class="method navigator-link" hash-for-method="loginForFirst4(null, null)">loginForFirst4(null, null)</a> <!-- method navigator-link -->
                      </span>
                      <br/>
                      <span>
                        <img src="failed.png" width="3%"/>
                        <a href="#" panel-name="suite-Failed_suite__Suite_" title="com.prach_project.testcases.TC_Login_001" class="method navigator-link" hash-for-method="loginForFirst4(qwer@gmail.com, rambo)">loginForFirst4(qwer@gmail.com, rambo)</a> <!-- method navigator-link -->
                      </span>
                      <br/>
                      <span>
                        <img src="failed.png" width="3%"/>
                        <a href="#" panel-name="suite-Failed_suite__Suite_" title="com.prach_project.testcases.TC_Login_001" class="method navigator-link" hash-for-method="loginForFirst4(qwertyuiop@gmail.com, rambo1)">loginForFirst4(qwertyuiop@gmail.com, rambo1)</a> <!-- method navigator-link -->
                      </span>
                      <br/>
                      <span>
                        <img src="failed.png" width="3%"/>
                        <a href="#" panel-name="suite-Failed_suite__Suite_" title="com.prach_project.testcases.TC_women_001" class="method navigator-link" hash-for-method="verifyWomenProductIsSelecting(null, null)">verifyWomenProductIsSelecting(null, null)</a> <!-- method navigator-link -->
                      </span>
                      <br/>
                      <span>
                        <img src="failed.png" width="3%"/>
                        <a href="#" panel-name="suite-Failed_suite__Suite_" title="com.prach_project.testcases.TC_women_001" class="method navigator-link" hash-for-method="verifyWomenProductIsSelecting(null, null)">verifyWomenProductIsSelecting(null, null)</a> <!-- method navigator-link -->
                      </span>
                      <br/>
                      <span>
                        <img src="failed.png" width="3%"/>
                        <a href="#" panel-name="suite-Failed_suite__Suite_" title="com.prach_project.testcases.TC_women_001" class="method navigator-link" hash-for-method="verifyWomenProductIsSelecting(qwer@gmail.com, rambo)">verifyWomenProductIsSelecting(qwer@gmail.com, rambo)</a> <!-- method navigator-link -->
                      </span>
                      <br/>
                      <span>
                        <img src="failed.png" width="3%"/>
                        <a href="#" panel-name="suite-Failed_suite__Suite_" title="com.prach_project.testcases.TC_women_001" class="method navigator-link" hash-for-method="verifyWomenProductIsSelecting(qwer@gmail.com, rambo)">verifyWomenProductIsSelecting(qwer@gmail.com, rambo)</a> <!-- method navigator-link -->
                      </span>
                      <br/>
                      <span>
                        <img src="failed.png" width="3%"/>
                        <a href="#" panel-name="suite-Failed_suite__Suite_" title="com.prach_project.testcases.TC_women_001" class="method navigator-link" hash-for-method="verifyWomenProductIsSelecting(null, null)">verifyWomenProductIsSelecting(null, null)</a> <!-- method navigator-link -->
                      </span>
                      <br/>
                    </div> <!-- method-list-content failed suite-Failed_suite__Suite_ -->
                  </li>
                  <li>
                    <span class="method-list-title passed">Passed methods</span>
                    <span class="show-or-hide-methods passed">
                      <a href="#" panel-name="suite-Failed_suite__Suite_" class="hide-methods passed suite-Failed_suite__Suite_"> (hide)</a> <!-- hide-methods passed suite-Failed_suite__Suite_ -->
                      <a href="#" panel-name="suite-Failed_suite__Suite_" class="show-methods passed suite-Failed_suite__Suite_"> (show)</a> <!-- show-methods passed suite-Failed_suite__Suite_ -->
                    </span>
                    <div class="method-list-content passed suite-Failed_suite__Suite_">
                      <span>
                        <img src="passed.png" width="3%"/>
                        <a href="#" panel-name="suite-Failed_suite__Suite_" title="com.prach_project.testcases.TC_Login_001" class="method navigator-link" hash-for-method="loginForFirst4(qwer@gmail.com, rambo)">loginForFirst4(qwer@gmail.com, rambo)</a> <!-- method navigator-link -->
                      </span>
                      <br/>
                      <span>
                        <img src="passed.png" width="3%"/>
                        <a href="#" panel-name="suite-Failed_suite__Suite_" title="com.prach_project.testcases.TC_women_001" class="method navigator-link" hash-for-method="verifyWomenProductIsSelecting(qwer@gmail.com, rambo)">verifyWomenProductIsSelecting(qwer@gmail.com, rambo)</a> <!-- method navigator-link -->
                      </span>
                      <br/>
                    </div> <!-- method-list-content passed suite-Failed_suite__Suite_ -->
                  </li>
                </ul>
              </div> <!-- suite-section-content -->
            </div> <!-- result-section -->
          </div> <!-- navigator-suite-content -->
        </div> <!-- rounded-window -->
      </div> <!-- suite -->
    </div> <!-- navigator-root -->
    <div class="wrapper">
      <div class="main-panel-root">
        <div panel-name="suite-Failed_suite__Suite_" class="panel Failed_suite__Suite_">
          <div class="suite-Failed_suite__Suite_-class-failed">
            <div class="main-panel-header rounded-window-top">
              <img src="failed.png"/>
              <span class="class-name">com.prach_project.testcases.TC_Login_001</span>
            </div> <!-- main-panel-header rounded-window-top -->
            <div class="main-panel-content rounded-window-bottom">
              <div class="method">
                <div class="method-content">
                  <a name="loginForFirst4(qwer@gmail.com, rambo1)">
                  </a> <!-- loginForFirst4(qwer@gmail.com, rambo1) -->
                  <span class="method-name">loginForFirst4</span>
                  <span class="parameters">(qwer@gmail.com,rambo1)</span>
                  <div class="stack-trace">java.lang.AssertionError: this verify is wrong expected [true] but found [false]
	at com.prach_project.pageobject.Signinpage.signInPageVerifyLaunch(Signinpage.java:24)
	at com.prach_project.testcases.TC_Login_001.loginForFirst4(TC_Login_001.java:31)
	at java.base/java.util.ArrayList.forEach(ArrayList.java:1511)
... Removed 30 stack frames
</div> <!-- stack-trace -->
                </div> <!-- method-content -->
              </div> <!-- method -->
              <div class="method">
                <div class="method-content">
                  <a name="loginForFirst4(null, null)">
                  </a> <!-- loginForFirst4(null, null) -->
                  <span class="method-name">loginForFirst4</span>
                  <span class="parameters">(null,null)</span>
                  <div class="stack-trace">java.lang.IllegalArgumentException: Keys to send should be a not null CharSequence
	at org.openqa.selenium.remote.RemoteWebElement.sendKeys(RemoteWebElement.java:97)
	at com.prach_project.pageobject.Loginpage.signInEmail(Loginpage.java:65)
	at com.prach_project.testcases.TC_Login_001.loginForFirst4(TC_Login_001.java:27)
	at java.base/java.util.ArrayList.forEach(ArrayList.java:1511)
... Removed 27 stack frames
</div> <!-- stack-trace -->
                </div> <!-- method-content -->
              </div> <!-- method -->
              <div class="method">
                <div class="method-content">
                  <a name="loginForFirst4(qwertyuiop@gmail.com, rambo)">
                  </a> <!-- loginForFirst4(qwertyuiop@gmail.com, rambo) -->
                  <span class="method-name">loginForFirst4</span>
                  <span class="parameters">(qwertyuiop@gmail.com,rambo)</span>
                  <div class="stack-trace">java.lang.AssertionError: this verify is wrong expected [true] but found [false]
	at com.prach_project.pageobject.Signinpage.signInPageVerifyLaunch(Signinpage.java:24)
	at com.prach_project.testcases.TC_Login_001.loginForFirst4(TC_Login_001.java:31)
	at java.base/java.util.ArrayList.forEach(ArrayList.java:1511)
... Removed 30 stack frames
</div> <!-- stack-trace -->
                </div> <!-- method-content -->
              </div> <!-- method -->
              <div class="method">
                <div class="method-content">
                  <a name="loginForFirst4(qwertyuiop@gmail.com, rambo1)">
                  </a> <!-- loginForFirst4(qwertyuiop@gmail.com, rambo1) -->
                  <span class="method-name">loginForFirst4</span>
                  <span class="parameters">(qwertyuiop@gmail.com,rambo1)</span>
                  <div class="stack-trace">java.lang.AssertionError: this verify is wrong expected [true] but found [false]
	at com.prach_project.pageobject.Signinpage.signInPageVerifyLaunch(Signinpage.java:24)
	at com.prach_project.testcases.TC_Login_001.loginForFirst4(TC_Login_001.java:31)
	at java.base/java.util.ArrayList.forEach(ArrayList.java:1511)
... Removed 30 stack frames
</div> <!-- stack-trace -->
                </div> <!-- method-content -->
              </div> <!-- method -->
              <div class="method">
                <div class="method-content">
                  <a name="loginForFirst4(qwertyuiop@gmail.com, rambo1)">
                  </a> <!-- loginForFirst4(qwertyuiop@gmail.com, rambo1) -->
                  <span class="method-name">loginForFirst4</span>
                  <span class="parameters">(qwertyuiop@gmail.com,rambo1)</span>
                  <div class="stack-trace">org.openqa.selenium.NoSuchElementException: no such element: Unable to locate element: {&quot;method&quot;:&quot;xpath&quot;,&quot;selector&quot;:&quot;//a[@class=&apos;login&apos;]&quot;}
  (Session info: chrome=122.0.6261.129)
For documentation on this error, please visit: https://www.selenium.dev/documentation/webdriver/troubleshooting/errors#no-such-element-exception
Build info: version: &apos;4.16.1&apos;, revision: &apos;9b4c83354e&apos;
System info: os.name: &apos;Windows 10&apos;, os.arch: &apos;amd64&apos;, os.version: &apos;10.0&apos;, java.version: &apos;16.0.2&apos;
Driver info: org.openqa.selenium.chrome.ChromeDriver
Command: [a7bfc15b73b11f16d705cc7d1230e20b, findElement {using=xpath, value=//a[@class=&apos;login&apos;]}]
Capabilities {acceptInsecureCerts: false, browserName: chrome, browserVersion: 122.0.6261.129, chrome: {chromedriverVersion: 122.0.6261.128 (f18a44fedeb..., userDataDir: C:\Users\kahme\AppData\Loca...}, fedcm:accounts: true, goog:chromeOptions: {debuggerAddress: localhost:58294}, networkConnectionEnabled: false, pageLoadStrategy: normal, platformName: windows, proxy: Proxy(), se:cdp: ws://localhost:58294/devtoo..., se:cdpVersion: 122.0.6261.129, setWindowRect: true, strictFileInteractability: false, timeouts: {implicit: 0, pageLoad: 300000, script: 30000}, unhandledPromptBehavior: dismiss and notify, webauthn:extension:credBlob: true, webauthn:extension:largeBlob: true, webauthn:extension:minPinLength: true, webauthn:extension:prf: true, webauthn:virtualAuthenticators: true}
Session ID: a7bfc15b73b11f16d705cc7d1230e20b
	at org.openqa.selenium.remote.codec.w3c.W3CHttpResponseCodec.createException(W3CHttpResponseCodec.java:200)
	at org.openqa.selenium.remote.codec.w3c.W3CHttpResponseCodec.decode(W3CHttpResponseCodec.java:133)
	at org.openqa.selenium.remote.codec.w3c.W3CHttpResponseCodec.decode(W3CHttpResponseCodec.java:52)
	at org.openqa.selenium.remote.HttpCommandExecutor.execute(HttpCommandExecutor.java:191)
	at org.openqa.selenium.remote.service.DriverCommandExecutor.invokeExecute(DriverCommandExecutor.java:200)
	at org.openqa.selenium.remote.service.DriverCommandExecutor.execute(DriverCommandExecutor.java:175)
	at org.openqa.selenium.remote.RemoteWebDriver.execute(RemoteWebDriver.java:523)
	at org.openqa.selenium.remote.ElementLocation$ElementFinder$2.findElement(ElementLocation.java:165)
	at org.openqa.selenium.remote.ElementLocation.findElement(ElementLocation.java:59)
	at org.openqa.selenium.remote.RemoteWebDriver.findElement(RemoteWebDriver.java:360)
	at org.openqa.selenium.remote.RemoteWebDriver.findElement(RemoteWebDriver.java:354)
	at com.prach_project.pageobject.Indexpage.clickSignIn(Indexpage.java:30)
	at com.prach_project.testcases.TC_Login_001.loginForFirst4(TC_Login_001.java:25)
	at java.base/java.util.ArrayList.forEach(ArrayList.java:1511)
... Removed 32 stack frames
</div> <!-- stack-trace -->
                </div> <!-- method-content -->
              </div> <!-- method -->
              <div class="method">
                <div class="method-content">
                  <a name="loginForFirst4(qwer@gmail.com, rambo)">
                  </a> <!-- loginForFirst4(qwer@gmail.com, rambo) -->
                  <span class="method-name">loginForFirst4</span>
                  <span class="parameters">(qwer@gmail.com,rambo)</span>
                  <div class="stack-trace">org.openqa.selenium.NoSuchElementException: no such element: Unable to locate element: {&quot;method&quot;:&quot;xpath&quot;,&quot;selector&quot;:&quot;//a[@class=&apos;login&apos;]&quot;}
  (Session info: chrome=122.0.6261.129)
For documentation on this error, please visit: https://www.selenium.dev/documentation/webdriver/troubleshooting/errors#no-such-element-exception
Build info: version: &apos;4.16.1&apos;, revision: &apos;9b4c83354e&apos;
System info: os.name: &apos;Windows 10&apos;, os.arch: &apos;amd64&apos;, os.version: &apos;10.0&apos;, java.version: &apos;16.0.2&apos;
Driver info: org.openqa.selenium.chrome.ChromeDriver
Command: [a7bfc15b73b11f16d705cc7d1230e20b, findElement {using=xpath, value=//a[@class=&apos;login&apos;]}]
Capabilities {acceptInsecureCerts: false, browserName: chrome, browserVersion: 122.0.6261.129, chrome: {chromedriverVersion: 122.0.6261.128 (f18a44fedeb..., userDataDir: C:\Users\kahme\AppData\Loca...}, fedcm:accounts: true, goog:chromeOptions: {debuggerAddress: localhost:58294}, networkConnectionEnabled: false, pageLoadStrategy: normal, platformName: windows, proxy: Proxy(), se:cdp: ws://localhost:58294/devtoo..., se:cdpVersion: 122.0.6261.129, setWindowRect: true, strictFileInteractability: false, timeouts: {implicit: 0, pageLoad: 300000, script: 30000}, unhandledPromptBehavior: dismiss and notify, webauthn:extension:credBlob: true, webauthn:extension:largeBlob: true, webauthn:extension:minPinLength: true, webauthn:extension:prf: true, webauthn:virtualAuthenticators: true}
Session ID: a7bfc15b73b11f16d705cc7d1230e20b
	at org.openqa.selenium.remote.codec.w3c.W3CHttpResponseCodec.createException(W3CHttpResponseCodec.java:200)
	at org.openqa.selenium.remote.codec.w3c.W3CHttpResponseCodec.decode(W3CHttpResponseCodec.java:133)
	at org.openqa.selenium.remote.codec.w3c.W3CHttpResponseCodec.decode(W3CHttpResponseCodec.java:52)
	at org.openqa.selenium.remote.HttpCommandExecutor.execute(HttpCommandExecutor.java:191)
	at org.openqa.selenium.remote.service.DriverCommandExecutor.invokeExecute(DriverCommandExecutor.java:200)
	at org.openqa.selenium.remote.service.DriverCommandExecutor.execute(DriverCommandExecutor.java:175)
	at org.openqa.selenium.remote.RemoteWebDriver.execute(RemoteWebDriver.java:523)
	at org.openqa.selenium.remote.ElementLocation$ElementFinder$2.findElement(ElementLocation.java:165)
	at org.openqa.selenium.remote.ElementLocation.findElement(ElementLocation.java:59)
	at org.openqa.selenium.remote.RemoteWebDriver.findElement(RemoteWebDriver.java:360)
	at org.openqa.selenium.remote.RemoteWebDriver.findElement(RemoteWebDriver.java:354)
	at com.prach_project.pageobject.Indexpage.clickSignIn(Indexpage.java:30)
	at com.prach_project.testcases.TC_Login_001.loginForFirst4(TC_Login_001.java:25)
	at java.base/java.util.ArrayList.forEach(ArrayList.java:1511)
... Removed 32 stack frames
</div> <!-- stack-trace -->
                </div> <!-- method-content -->
              </div> <!-- method -->
              <div class="method">
                <div class="method-content">
                  <a name="loginForFirst4(qwertyuiop@gmail.com, rambo)">
                  </a> <!-- loginForFirst4(qwertyuiop@gmail.com, rambo) -->
                  <span class="method-name">loginForFirst4</span>
                  <span class="parameters">(qwertyuiop@gmail.com,rambo)</span>
                  <div class="stack-trace">org.openqa.selenium.NoSuchElementException: no such element: Unable to locate element: {&quot;method&quot;:&quot;xpath&quot;,&quot;selector&quot;:&quot;//a[@class=&apos;login&apos;]&quot;}
  (Session info: chrome=122.0.6261.129)
For documentation on this error, please visit: https://www.selenium.dev/documentation/webdriver/troubleshooting/errors#no-such-element-exception
Build info: version: &apos;4.16.1&apos;, revision: &apos;9b4c83354e&apos;
System info: os.name: &apos;Windows 10&apos;, os.arch: &apos;amd64&apos;, os.version: &apos;10.0&apos;, java.version: &apos;16.0.2&apos;
Driver info: org.openqa.selenium.chrome.ChromeDriver
Command: [a7bfc15b73b11f16d705cc7d1230e20b, findElement {using=xpath, value=//a[@class=&apos;login&apos;]}]
Capabilities {acceptInsecureCerts: false, browserName: chrome, browserVersion: 122.0.6261.129, chrome: {chromedriverVersion: 122.0.6261.128 (f18a44fedeb..., userDataDir: C:\Users\kahme\AppData\Loca...}, fedcm:accounts: true, goog:chromeOptions: {debuggerAddress: localhost:58294}, networkConnectionEnabled: false, pageLoadStrategy: normal, platformName: windows, proxy: Proxy(), se:cdp: ws://localhost:58294/devtoo..., se:cdpVersion: 122.0.6261.129, setWindowRect: true, strictFileInteractability: false, timeouts: {implicit: 0, pageLoad: 300000, script: 30000}, unhandledPromptBehavior: dismiss and notify, webauthn:extension:credBlob: true, webauthn:extension:largeBlob: true, webauthn:extension:minPinLength: true, webauthn:extension:prf: true, webauthn:virtualAuthenticators: true}
Session ID: a7bfc15b73b11f16d705cc7d1230e20b
	at org.openqa.selenium.remote.codec.w3c.W3CHttpResponseCodec.createException(W3CHttpResponseCodec.java:200)
	at org.openqa.selenium.remote.codec.w3c.W3CHttpResponseCodec.decode(W3CHttpResponseCodec.java:133)
	at org.openqa.selenium.remote.codec.w3c.W3CHttpResponseCodec.decode(W3CHttpResponseCodec.java:52)
	at org.openqa.selenium.remote.HttpCommandExecutor.execute(HttpCommandExecutor.java:191)
	at org.openqa.selenium.remote.service.DriverCommandExecutor.invokeExecute(DriverCommandExecutor.java:200)
	at org.openqa.selenium.remote.service.DriverCommandExecutor.execute(DriverCommandExecutor.java:175)
	at org.openqa.selenium.remote.RemoteWebDriver.execute(RemoteWebDriver.java:523)
	at org.openqa.selenium.remote.ElementLocation$ElementFinder$2.findElement(ElementLocation.java:165)
	at org.openqa.selenium.remote.ElementLocation.findElement(ElementLocation.java:59)
	at org.openqa.selenium.remote.RemoteWebDriver.findElement(RemoteWebDriver.java:360)
	at org.openqa.selenium.remote.RemoteWebDriver.findElement(RemoteWebDriver.java:354)
	at com.prach_project.pageobject.Indexpage.clickSignIn(Indexpage.java:30)
	at com.prach_project.testcases.TC_Login_001.loginForFirst4(TC_Login_001.java:25)
	at java.base/java.util.ArrayList.forEach(ArrayList.java:1511)
... Removed 32 stack frames
</div> <!-- stack-trace -->
                </div> <!-- method-content -->
              </div> <!-- method -->
              <div class="method">
                <div class="method-content">
                  <a name="loginForFirst4(qwer@gmail.com, rambo1)">
                  </a> <!-- loginForFirst4(qwer@gmail.com, rambo1) -->
                  <span class="method-name">loginForFirst4</span>
                  <span class="parameters">(qwer@gmail.com,rambo1)</span>
                  <div class="stack-trace">org.openqa.selenium.NoSuchElementException: no such element: Unable to locate element: {&quot;method&quot;:&quot;xpath&quot;,&quot;selector&quot;:&quot;//a[@class=&apos;login&apos;]&quot;}
  (Session info: chrome=122.0.6261.129)
For documentation on this error, please visit: https://www.selenium.dev/documentation/webdriver/troubleshooting/errors#no-such-element-exception
Build info: version: &apos;4.16.1&apos;, revision: &apos;9b4c83354e&apos;
System info: os.name: &apos;Windows 10&apos;, os.arch: &apos;amd64&apos;, os.version: &apos;10.0&apos;, java.version: &apos;16.0.2&apos;
Driver info: org.openqa.selenium.chrome.ChromeDriver
Command: [a7bfc15b73b11f16d705cc7d1230e20b, findElement {using=xpath, value=//a[@class=&apos;login&apos;]}]
Capabilities {acceptInsecureCerts: false, browserName: chrome, browserVersion: 122.0.6261.129, chrome: {chromedriverVersion: 122.0.6261.128 (f18a44fedeb..., userDataDir: C:\Users\kahme\AppData\Loca...}, fedcm:accounts: true, goog:chromeOptions: {debuggerAddress: localhost:58294}, networkConnectionEnabled: false, pageLoadStrategy: normal, platformName: windows, proxy: Proxy(), se:cdp: ws://localhost:58294/devtoo..., se:cdpVersion: 122.0.6261.129, setWindowRect: true, strictFileInteractability: false, timeouts: {implicit: 0, pageLoad: 300000, script: 30000}, unhandledPromptBehavior: dismiss and notify, webauthn:extension:credBlob: true, webauthn:extension:largeBlob: true, webauthn:extension:minPinLength: true, webauthn:extension:prf: true, webauthn:virtualAuthenticators: true}
Session ID: a7bfc15b73b11f16d705cc7d1230e20b
	at org.openqa.selenium.remote.codec.w3c.W3CHttpResponseCodec.createException(W3CHttpResponseCodec.java:200)
	at org.openqa.selenium.remote.codec.w3c.W3CHttpResponseCodec.decode(W3CHttpResponseCodec.java:133)
	at org.openqa.selenium.remote.codec.w3c.W3CHttpResponseCodec.decode(W3CHttpResponseCodec.java:52)
	at org.openqa.selenium.remote.HttpCommandExecutor.execute(HttpCommandExecutor.java:191)
	at org.openqa.selenium.remote.service.DriverCommandExecutor.invokeExecute(DriverCommandExecutor.java:200)
	at org.openqa.selenium.remote.service.DriverCommandExecutor.execute(DriverCommandExecutor.java:175)
	at org.openqa.selenium.remote.RemoteWebDriver.execute(RemoteWebDriver.java:523)
	at org.openqa.selenium.remote.ElementLocation$ElementFinder$2.findElement(ElementLocation.java:165)
	at org.openqa.selenium.remote.ElementLocation.findElement(ElementLocation.java:59)
	at org.openqa.selenium.remote.RemoteWebDriver.findElement(RemoteWebDriver.java:360)
	at org.openqa.selenium.remote.RemoteWebDriver.findElement(RemoteWebDriver.java:354)
	at com.prach_project.pageobject.Indexpage.clickSignIn(Indexpage.java:30)
	at com.prach_project.testcases.TC_Login_001.loginForFirst4(TC_Login_001.java:25)
	at java.base/java.util.ArrayList.forEach(ArrayList.java:1511)
... Removed 32 stack frames
</div> <!-- stack-trace -->
                </div> <!-- method-content -->
              </div> <!-- method -->
              <div class="method">
                <div class="method-content">
                  <a name="loginForFirst4(null, null)">
                  </a> <!-- loginForFirst4(null, null) -->
                  <span class="method-name">loginForFirst4</span>
                  <span class="parameters">(null,null)</span>
                  <div class="stack-trace">org.openqa.selenium.NoSuchElementException: no such element: Unable to locate element: {&quot;method&quot;:&quot;xpath&quot;,&quot;selector&quot;:&quot;//a[@class=&apos;login&apos;]&quot;}
  (Session info: chrome=122.0.6261.129)
For documentation on this error, please visit: https://www.selenium.dev/documentation/webdriver/troubleshooting/errors#no-such-element-exception
Build info: version: &apos;4.16.1&apos;, revision: &apos;9b4c83354e&apos;
System info: os.name: &apos;Windows 10&apos;, os.arch: &apos;amd64&apos;, os.version: &apos;10.0&apos;, java.version: &apos;16.0.2&apos;
Driver info: org.openqa.selenium.chrome.ChromeDriver
Command: [a7bfc15b73b11f16d705cc7d1230e20b, findElement {using=xpath, value=//a[@class=&apos;login&apos;]}]
Capabilities {acceptInsecureCerts: false, browserName: chrome, browserVersion: 122.0.6261.129, chrome: {chromedriverVersion: 122.0.6261.128 (f18a44fedeb..., userDataDir: C:\Users\kahme\AppData\Loca...}, fedcm:accounts: true, goog:chromeOptions: {debuggerAddress: localhost:58294}, networkConnectionEnabled: false, pageLoadStrategy: normal, platformName: windows, proxy: Proxy(), se:cdp: ws://localhost:58294/devtoo..., se:cdpVersion: 122.0.6261.129, setWindowRect: true, strictFileInteractability: false, timeouts: {implicit: 0, pageLoad: 300000, script: 30000}, unhandledPromptBehavior: dismiss and notify, webauthn:extension:credBlob: true, webauthn:extension:largeBlob: true, webauthn:extension:minPinLength: true, webauthn:extension:prf: true, webauthn:virtualAuthenticators: true}
Session ID: a7bfc15b73b11f16d705cc7d1230e20b
	at org.openqa.selenium.remote.codec.w3c.W3CHttpResponseCodec.createException(W3CHttpResponseCodec.java:200)
	at org.openqa.selenium.remote.codec.w3c.W3CHttpResponseCodec.decode(W3CHttpResponseCodec.java:133)
	at org.openqa.selenium.remote.codec.w3c.W3CHttpResponseCodec.decode(W3CHttpResponseCodec.java:52)
	at org.openqa.selenium.remote.HttpCommandExecutor.execute(HttpCommandExecutor.java:191)
	at org.openqa.selenium.remote.service.DriverCommandExecutor.invokeExecute(DriverCommandExecutor.java:200)
	at org.openqa.selenium.remote.service.DriverCommandExecutor.execute(DriverCommandExecutor.java:175)
	at org.openqa.selenium.remote.RemoteWebDriver.execute(RemoteWebDriver.java:523)
	at org.openqa.selenium.remote.ElementLocation$ElementFinder$2.findElement(ElementLocation.java:165)
	at org.openqa.selenium.remote.ElementLocation.findElement(ElementLocation.java:59)
	at org.openqa.selenium.remote.RemoteWebDriver.findElement(RemoteWebDriver.java:360)
	at org.openqa.selenium.remote.RemoteWebDriver.findElement(RemoteWebDriver.java:354)
	at com.prach_project.pageobject.Indexpage.clickSignIn(Indexpage.java:30)
	at com.prach_project.testcases.TC_Login_001.loginForFirst4(TC_Login_001.java:25)
	at java.base/java.util.ArrayList.forEach(ArrayList.java:1511)
... Removed 32 stack frames
</div> <!-- stack-trace -->
                </div> <!-- method-content -->
              </div> <!-- method -->
              <div class="method">
                <div class="method-content">
                  <a name="loginForFirst4(qwertyuiop@gmail.com, rambo)">
                  </a> <!-- loginForFirst4(qwertyuiop@gmail.com, rambo) -->
                  <span class="method-name">loginForFirst4</span>
                  <span class="parameters">(qwertyuiop@gmail.com,rambo)</span>
                  <div class="stack-trace">org.openqa.selenium.NoSuchElementException: Unable to locate element: //a[@class=&apos;login&apos;]
For documentation on this error, please visit: https://www.selenium.dev/documentation/webdriver/troubleshooting/errors#no-such-element-exception
Build info: version: &apos;4.16.1&apos;, revision: &apos;9b4c83354e&apos;
System info: os.name: &apos;Windows 10&apos;, os.arch: &apos;amd64&apos;, os.version: &apos;10.0&apos;, java.version: &apos;16.0.2&apos;
Driver info: org.openqa.selenium.firefox.FirefoxDriver
Command: [24295e33-d9ce-4495-90ed-a052acce6bdb, findElement {using=xpath, value=//a[@class=&apos;login&apos;]}]
Capabilities {acceptInsecureCerts: true, browserName: firefox, browserVersion: 123.0.1, moz:accessibilityChecks: false, moz:buildID: 20240304104836, moz:debuggerAddress: 127.0.0.1:17966, moz:geckodriverVersion: 0.34.0, moz:headless: false, moz:platformVersion: 10.0, moz:processID: 30828, moz:profile: C:\Users\kahme\AppData\Loca..., moz:shutdownTimeout: 60000, moz:webdriverClick: true, moz:windowless: false, pageLoadStrategy: normal, platformName: windows, proxy: Proxy(), se:cdp: ws://127.0.0.1:17966/devtoo..., se:cdpVersion: 85.0, setWindowRect: true, strictFileInteractability: false, timeouts: {implicit: 0, pageLoad: 300000, script: 30000}, unhandledPromptBehavior: dismiss and notify}
Session ID: 24295e33-d9ce-4495-90ed-a052acce6bdb
	at org.openqa.selenium.remote.codec.w3c.W3CHttpResponseCodec.createException(W3CHttpResponseCodec.java:200)
	at org.openqa.selenium.remote.codec.w3c.W3CHttpResponseCodec.decode(W3CHttpResponseCodec.java:133)
	at org.openqa.selenium.remote.codec.w3c.W3CHttpResponseCodec.decode(W3CHttpResponseCodec.java:52)
	at org.openqa.selenium.remote.HttpCommandExecutor.execute(HttpCommandExecutor.java:191)
	at org.openqa.selenium.remote.service.DriverCommandExecutor.invokeExecute(DriverCommandExecutor.java:200)
	at org.openqa.selenium.remote.service.DriverCommandExecutor.execute(DriverCommandExecutor.java:175)
	at org.openqa.selenium.remote.RemoteWebDriver.execute(RemoteWebDriver.java:523)
	at org.openqa.selenium.remote.ElementLocation$ElementFinder$2.findElement(ElementLocation.java:165)
	at org.openqa.selenium.remote.ElementLocation.findElement(ElementLocation.java:59)
	at org.openqa.selenium.remote.RemoteWebDriver.findElement(RemoteWebDriver.java:360)
	at org.openqa.selenium.remote.RemoteWebDriver.findElement(RemoteWebDriver.java:354)
	at com.prach_project.pageobject.Indexpage.clickSignIn(Indexpage.java:30)
	at com.prach_project.testcases.TC_Login_001.loginForFirst4(TC_Login_001.java:25)
	at java.base/java.util.ArrayList.forEach(ArrayList.java:1511)
... Removed 32 stack frames
</div> <!-- stack-trace -->
                </div> <!-- method-content -->
              </div> <!-- method -->
              <div class="method">
                <div class="method-content">
                  <a name="loginForFirst4(qwer@gmail.com, rambo1)">
                  </a> <!-- loginForFirst4(qwer@gmail.com, rambo1) -->
                  <span class="method-name">loginForFirst4</span>
                  <span class="parameters">(qwer@gmail.com,rambo1)</span>
                  <div class="stack-trace">org.openqa.selenium.NoSuchElementException: Unable to locate element: //a[@class=&apos;login&apos;]
For documentation on this error, please visit: https://www.selenium.dev/documentation/webdriver/troubleshooting/errors#no-such-element-exception
Build info: version: &apos;4.16.1&apos;, revision: &apos;9b4c83354e&apos;
System info: os.name: &apos;Windows 10&apos;, os.arch: &apos;amd64&apos;, os.version: &apos;10.0&apos;, java.version: &apos;16.0.2&apos;
Driver info: org.openqa.selenium.firefox.FirefoxDriver
Command: [24295e33-d9ce-4495-90ed-a052acce6bdb, findElement {using=xpath, value=//a[@class=&apos;login&apos;]}]
Capabilities {acceptInsecureCerts: true, browserName: firefox, browserVersion: 123.0.1, moz:accessibilityChecks: false, moz:buildID: 20240304104836, moz:debuggerAddress: 127.0.0.1:17966, moz:geckodriverVersion: 0.34.0, moz:headless: false, moz:platformVersion: 10.0, moz:processID: 30828, moz:profile: C:\Users\kahme\AppData\Loca..., moz:shutdownTimeout: 60000, moz:webdriverClick: true, moz:windowless: false, pageLoadStrategy: normal, platformName: windows, proxy: Proxy(), se:cdp: ws://127.0.0.1:17966/devtoo..., se:cdpVersion: 85.0, setWindowRect: true, strictFileInteractability: false, timeouts: {implicit: 0, pageLoad: 300000, script: 30000}, unhandledPromptBehavior: dismiss and notify}
Session ID: 24295e33-d9ce-4495-90ed-a052acce6bdb
	at org.openqa.selenium.remote.codec.w3c.W3CHttpResponseCodec.createException(W3CHttpResponseCodec.java:200)
	at org.openqa.selenium.remote.codec.w3c.W3CHttpResponseCodec.decode(W3CHttpResponseCodec.java:133)
	at org.openqa.selenium.remote.codec.w3c.W3CHttpResponseCodec.decode(W3CHttpResponseCodec.java:52)
	at org.openqa.selenium.remote.HttpCommandExecutor.execute(HttpCommandExecutor.java:191)
	at org.openqa.selenium.remote.service.DriverCommandExecutor.invokeExecute(DriverCommandExecutor.java:200)
	at org.openqa.selenium.remote.service.DriverCommandExecutor.execute(DriverCommandExecutor.java:175)
	at org.openqa.selenium.remote.RemoteWebDriver.execute(RemoteWebDriver.java:523)
	at org.openqa.selenium.remote.ElementLocation$ElementFinder$2.findElement(ElementLocation.java:165)
	at org.openqa.selenium.remote.ElementLocation.findElement(ElementLocation.java:59)
	at org.openqa.selenium.remote.RemoteWebDriver.findElement(RemoteWebDriver.java:360)
	at org.openqa.selenium.remote.RemoteWebDriver.findElement(RemoteWebDriver.java:354)
	at com.prach_project.pageobject.Indexpage.clickSignIn(Indexpage.java:30)
	at com.prach_project.testcases.TC_Login_001.loginForFirst4(TC_Login_001.java:25)
	at java.base/java.util.ArrayList.forEach(ArrayList.java:1511)
... Removed 32 stack frames
</div> <!-- stack-trace -->
                </div> <!-- method-content -->
              </div> <!-- method -->
              <div class="method">
                <div class="method-content">
                  <a name="loginForFirst4(null, null)">
                  </a> <!-- loginForFirst4(null, null) -->
                  <span class="method-name">loginForFirst4</span>
                  <span class="parameters">(null,null)</span>
                  <div class="stack-trace">org.openqa.selenium.NoSuchElementException: Unable to locate element: //a[@class=&apos;login&apos;]
For documentation on this error, please visit: https://www.selenium.dev/documentation/webdriver/troubleshooting/errors#no-such-element-exception
Build info: version: &apos;4.16.1&apos;, revision: &apos;9b4c83354e&apos;
System info: os.name: &apos;Windows 10&apos;, os.arch: &apos;amd64&apos;, os.version: &apos;10.0&apos;, java.version: &apos;16.0.2&apos;
Driver info: org.openqa.selenium.firefox.FirefoxDriver
Command: [24295e33-d9ce-4495-90ed-a052acce6bdb, findElement {using=xpath, value=//a[@class=&apos;login&apos;]}]
Capabilities {acceptInsecureCerts: true, browserName: firefox, browserVersion: 123.0.1, moz:accessibilityChecks: false, moz:buildID: 20240304104836, moz:debuggerAddress: 127.0.0.1:17966, moz:geckodriverVersion: 0.34.0, moz:headless: false, moz:platformVersion: 10.0, moz:processID: 30828, moz:profile: C:\Users\kahme\AppData\Loca..., moz:shutdownTimeout: 60000, moz:webdriverClick: true, moz:windowless: false, pageLoadStrategy: normal, platformName: windows, proxy: Proxy(), se:cdp: ws://127.0.0.1:17966/devtoo..., se:cdpVersion: 85.0, setWindowRect: true, strictFileInteractability: false, timeouts: {implicit: 0, pageLoad: 300000, script: 30000}, unhandledPromptBehavior: dismiss and notify}
Session ID: 24295e33-d9ce-4495-90ed-a052acce6bdb
	at org.openqa.selenium.remote.codec.w3c.W3CHttpResponseCodec.createException(W3CHttpResponseCodec.java:200)
	at org.openqa.selenium.remote.codec.w3c.W3CHttpResponseCodec.decode(W3CHttpResponseCodec.java:133)
	at org.openqa.selenium.remote.codec.w3c.W3CHttpResponseCodec.decode(W3CHttpResponseCodec.java:52)
	at org.openqa.selenium.remote.HttpCommandExecutor.execute(HttpCommandExecutor.java:191)
	at org.openqa.selenium.remote.service.DriverCommandExecutor.invokeExecute(DriverCommandExecutor.java:200)
	at org.openqa.selenium.remote.service.DriverCommandExecutor.execute(DriverCommandExecutor.java:175)
	at org.openqa.selenium.remote.RemoteWebDriver.execute(RemoteWebDriver.java:523)
	at org.openqa.selenium.remote.ElementLocation$ElementFinder$2.findElement(ElementLocation.java:165)
	at org.openqa.selenium.remote.ElementLocation.findElement(ElementLocation.java:59)
	at org.openqa.selenium.remote.RemoteWebDriver.findElement(RemoteWebDriver.java:360)
	at org.openqa.selenium.remote.RemoteWebDriver.findElement(RemoteWebDriver.java:354)
	at com.prach_project.pageobject.Indexpage.clickSignIn(Indexpage.java:30)
	at com.prach_project.testcases.TC_Login_001.loginForFirst4(TC_Login_001.java:25)
	at java.base/java.util.ArrayList.forEach(ArrayList.java:1511)
... Removed 32 stack frames
</div> <!-- stack-trace -->
                </div> <!-- method-content -->
              </div> <!-- method -->
              <div class="method">
                <div class="method-content">
                  <a name="loginForFirst4(qwer@gmail.com, rambo)">
                  </a> <!-- loginForFirst4(qwer@gmail.com, rambo) -->
                  <span class="method-name">loginForFirst4</span>
                  <span class="parameters">(qwer@gmail.com,rambo)</span>
                  <div class="stack-trace">org.openqa.selenium.NoSuchElementException: Unable to locate element: //a[@class=&apos;login&apos;]
For documentation on this error, please visit: https://www.selenium.dev/documentation/webdriver/troubleshooting/errors#no-such-element-exception
Build info: version: &apos;4.16.1&apos;, revision: &apos;9b4c83354e&apos;
System info: os.name: &apos;Windows 10&apos;, os.arch: &apos;amd64&apos;, os.version: &apos;10.0&apos;, java.version: &apos;16.0.2&apos;
Driver info: org.openqa.selenium.firefox.FirefoxDriver
Command: [24295e33-d9ce-4495-90ed-a052acce6bdb, findElement {using=xpath, value=//a[@class=&apos;login&apos;]}]
Capabilities {acceptInsecureCerts: true, browserName: firefox, browserVersion: 123.0.1, moz:accessibilityChecks: false, moz:buildID: 20240304104836, moz:debuggerAddress: 127.0.0.1:17966, moz:geckodriverVersion: 0.34.0, moz:headless: false, moz:platformVersion: 10.0, moz:processID: 30828, moz:profile: C:\Users\kahme\AppData\Loca..., moz:shutdownTimeout: 60000, moz:webdriverClick: true, moz:windowless: false, pageLoadStrategy: normal, platformName: windows, proxy: Proxy(), se:cdp: ws://127.0.0.1:17966/devtoo..., se:cdpVersion: 85.0, setWindowRect: true, strictFileInteractability: false, timeouts: {implicit: 0, pageLoad: 300000, script: 30000}, unhandledPromptBehavior: dismiss and notify}
Session ID: 24295e33-d9ce-4495-90ed-a052acce6bdb
	at org.openqa.selenium.remote.codec.w3c.W3CHttpResponseCodec.createException(W3CHttpResponseCodec.java:200)
	at org.openqa.selenium.remote.codec.w3c.W3CHttpResponseCodec.decode(W3CHttpResponseCodec.java:133)
	at org.openqa.selenium.remote.codec.w3c.W3CHttpResponseCodec.decode(W3CHttpResponseCodec.java:52)
	at org.openqa.selenium.remote.HttpCommandExecutor.execute(HttpCommandExecutor.java:191)
	at org.openqa.selenium.remote.service.DriverCommandExecutor.invokeExecute(DriverCommandExecutor.java:200)
	at org.openqa.selenium.remote.service.DriverCommandExecutor.execute(DriverCommandExecutor.java:175)
	at org.openqa.selenium.remote.RemoteWebDriver.execute(RemoteWebDriver.java:523)
	at org.openqa.selenium.remote.ElementLocation$ElementFinder$2.findElement(ElementLocation.java:165)
	at org.openqa.selenium.remote.ElementLocation.findElement(ElementLocation.java:59)
	at org.openqa.selenium.remote.RemoteWebDriver.findElement(RemoteWebDriver.java:360)
	at org.openqa.selenium.remote.RemoteWebDriver.findElement(RemoteWebDriver.java:354)
	at com.prach_project.pageobject.Indexpage.clickSignIn(Indexpage.java:30)
	at com.prach_project.testcases.TC_Login_001.loginForFirst4(TC_Login_001.java:25)
	at java.base/java.util.ArrayList.forEach(ArrayList.java:1511)
... Removed 32 stack frames
</div> <!-- stack-trace -->
                </div> <!-- method-content -->
              </div> <!-- method -->
              <div class="method">
                <div class="method-content">
                  <a name="loginForFirst4(qwertyuiop@gmail.com, rambo1)">
                  </a> <!-- loginForFirst4(qwertyuiop@gmail.com, rambo1) -->
                  <span class="method-name">loginForFirst4</span>
                  <span class="parameters">(qwertyuiop@gmail.com,rambo1)</span>
                  <div class="stack-trace">org.openqa.selenium.NoSuchElementException: Unable to locate element: //a[@class=&apos;login&apos;]
For documentation on this error, please visit: https://www.selenium.dev/documentation/webdriver/troubleshooting/errors#no-such-element-exception
Build info: version: &apos;4.16.1&apos;, revision: &apos;9b4c83354e&apos;
System info: os.name: &apos;Windows 10&apos;, os.arch: &apos;amd64&apos;, os.version: &apos;10.0&apos;, java.version: &apos;16.0.2&apos;
Driver info: org.openqa.selenium.firefox.FirefoxDriver
Command: [24295e33-d9ce-4495-90ed-a052acce6bdb, findElement {using=xpath, value=//a[@class=&apos;login&apos;]}]
Capabilities {acceptInsecureCerts: true, browserName: firefox, browserVersion: 123.0.1, moz:accessibilityChecks: false, moz:buildID: 20240304104836, moz:debuggerAddress: 127.0.0.1:17966, moz:geckodriverVersion: 0.34.0, moz:headless: false, moz:platformVersion: 10.0, moz:processID: 30828, moz:profile: C:\Users\kahme\AppData\Loca..., moz:shutdownTimeout: 60000, moz:webdriverClick: true, moz:windowless: false, pageLoadStrategy: normal, platformName: windows, proxy: Proxy(), se:cdp: ws://127.0.0.1:17966/devtoo..., se:cdpVersion: 85.0, setWindowRect: true, strictFileInteractability: false, timeouts: {implicit: 0, pageLoad: 300000, script: 30000}, unhandledPromptBehavior: dismiss and notify}
Session ID: 24295e33-d9ce-4495-90ed-a052acce6bdb
	at org.openqa.selenium.remote.codec.w3c.W3CHttpResponseCodec.createException(W3CHttpResponseCodec.java:200)
	at org.openqa.selenium.remote.codec.w3c.W3CHttpResponseCodec.decode(W3CHttpResponseCodec.java:133)
	at org.openqa.selenium.remote.codec.w3c.W3CHttpResponseCodec.decode(W3CHttpResponseCodec.java:52)
	at org.openqa.selenium.remote.HttpCommandExecutor.execute(HttpCommandExecutor.java:191)
	at org.openqa.selenium.remote.service.DriverCommandExecutor.invokeExecute(DriverCommandExecutor.java:200)
	at org.openqa.selenium.remote.service.DriverCommandExecutor.execute(DriverCommandExecutor.java:175)
	at org.openqa.selenium.remote.RemoteWebDriver.execute(RemoteWebDriver.java:523)
	at org.openqa.selenium.remote.ElementLocation$ElementFinder$2.findElement(ElementLocation.java:165)
	at org.openqa.selenium.remote.ElementLocation.findElement(ElementLocation.java:59)
	at org.openqa.selenium.remote.RemoteWebDriver.findElement(RemoteWebDriver.java:360)
	at org.openqa.selenium.remote.RemoteWebDriver.findElement(RemoteWebDriver.java:354)
	at com.prach_project.pageobject.Indexpage.clickSignIn(Indexpage.java:30)
	at com.prach_project.testcases.TC_Login_001.loginForFirst4(TC_Login_001.java:25)
	at java.base/java.util.ArrayList.forEach(ArrayList.java:1511)
... Removed 32 stack frames
</div> <!-- stack-trace -->
                </div> <!-- method-content -->
              </div> <!-- method -->
            </div> <!-- main-panel-content rounded-window-bottom -->
          </div> <!-- suite-Failed_suite__Suite_-class-failed -->
          <div class="suite-Failed_suite__Suite_-class-failed">
            <div class="main-panel-header rounded-window-top">
              <img src="failed.png"/>
              <span class="class-name">com.prach_project.testcases.TC_women_001</span>
            </div> <!-- main-panel-header rounded-window-top -->
            <div class="main-panel-content rounded-window-bottom">
              <div class="method">
                <div class="method-content">
                  <a name="verifyWomenProductIsSelecting(null, null)">
                  </a> <!-- verifyWomenProductIsSelecting(null, null) -->
                  <span class="method-name">verifyWomenProductIsSelecting</span>
                  <span class="parameters">(null,null)</span>
                  <div class="stack-trace">java.lang.IllegalArgumentException: Keys to send should be a not null CharSequence
	at org.openqa.selenium.remote.RemoteWebElement.sendKeys(RemoteWebElement.java:97)
	at com.prach_project.pageobject.Loginpage.signInEmail(Loginpage.java:65)
	at com.prach_project.testcases.TC_women_001.verifyWomenProductIsSelecting(TC_women_001.java:24)
	at java.base/java.util.ArrayList.forEach(ArrayList.java:1511)
... Removed 27 stack frames
</div> <!-- stack-trace -->
                </div> <!-- method-content -->
              </div> <!-- method -->
              <div class="method">
                <div class="method-content">
                  <a name="verifyWomenProductIsSelecting(null, null)">
                  </a> <!-- verifyWomenProductIsSelecting(null, null) -->
                  <span class="method-name">verifyWomenProductIsSelecting</span>
                  <span class="parameters">(null,null)</span>
                  <div class="stack-trace">org.openqa.selenium.NoSuchElementException: no such element: Unable to locate element: {&quot;method&quot;:&quot;xpath&quot;,&quot;selector&quot;:&quot;//a[@class=&apos;login&apos;]&quot;}
  (Session info: chrome=122.0.6261.129)
For documentation on this error, please visit: https://www.selenium.dev/documentation/webdriver/troubleshooting/errors#no-such-element-exception
Build info: version: &apos;4.16.1&apos;, revision: &apos;9b4c83354e&apos;
System info: os.name: &apos;Windows 10&apos;, os.arch: &apos;amd64&apos;, os.version: &apos;10.0&apos;, java.version: &apos;16.0.2&apos;
Driver info: org.openqa.selenium.chrome.ChromeDriver
Command: [a7bfc15b73b11f16d705cc7d1230e20b, findElement {using=xpath, value=//a[@class=&apos;login&apos;]}]
Capabilities {acceptInsecureCerts: false, browserName: chrome, browserVersion: 122.0.6261.129, chrome: {chromedriverVersion: 122.0.6261.128 (f18a44fedeb..., userDataDir: C:\Users\kahme\AppData\Loca...}, fedcm:accounts: true, goog:chromeOptions: {debuggerAddress: localhost:58294}, networkConnectionEnabled: false, pageLoadStrategy: normal, platformName: windows, proxy: Proxy(), se:cdp: ws://localhost:58294/devtoo..., se:cdpVersion: 122.0.6261.129, setWindowRect: true, strictFileInteractability: false, timeouts: {implicit: 0, pageLoad: 300000, script: 30000}, unhandledPromptBehavior: dismiss and notify, webauthn:extension:credBlob: true, webauthn:extension:largeBlob: true, webauthn:extension:minPinLength: true, webauthn:extension:prf: true, webauthn:virtualAuthenticators: true}
Session ID: a7bfc15b73b11f16d705cc7d1230e20b
	at org.openqa.selenium.remote.codec.w3c.W3CHttpResponseCodec.createException(W3CHttpResponseCodec.java:200)
	at org.openqa.selenium.remote.codec.w3c.W3CHttpResponseCodec.decode(W3CHttpResponseCodec.java:133)
	at org.openqa.selenium.remote.codec.w3c.W3CHttpResponseCodec.decode(W3CHttpResponseCodec.java:52)
	at org.openqa.selenium.remote.HttpCommandExecutor.execute(HttpCommandExecutor.java:191)
	at org.openqa.selenium.remote.service.DriverCommandExecutor.invokeExecute(DriverCommandExecutor.java:200)
	at org.openqa.selenium.remote.service.DriverCommandExecutor.execute(DriverCommandExecutor.java:175)
	at org.openqa.selenium.remote.RemoteWebDriver.execute(RemoteWebDriver.java:523)
	at org.openqa.selenium.remote.ElementLocation$ElementFinder$2.findElement(ElementLocation.java:165)
	at org.openqa.selenium.remote.ElementLocation.findElement(ElementLocation.java:59)
	at org.openqa.selenium.remote.RemoteWebDriver.findElement(RemoteWebDriver.java:360)
	at org.openqa.selenium.remote.RemoteWebDriver.findElement(RemoteWebDriver.java:354)
	at com.prach_project.pageobject.Indexpage.clickSignIn(Indexpage.java:30)
	at com.prach_project.testcases.TC_women_001.verifyWomenProductIsSelecting(TC_women_001.java:19)
	at java.base/java.util.ArrayList.forEach(ArrayList.java:1511)
... Removed 32 stack frames
</div> <!-- stack-trace -->
                </div> <!-- method-content -->
              </div> <!-- method -->
              <div class="method">
                <div class="method-content">
                  <a name="verifyWomenProductIsSelecting(qwer@gmail.com, rambo)">
                  </a> <!-- verifyWomenProductIsSelecting(qwer@gmail.com, rambo) -->
                  <span class="method-name">verifyWomenProductIsSelecting</span>
                  <span class="parameters">(qwer@gmail.com,rambo)</span>
                  <div class="stack-trace">org.openqa.selenium.ElementNotInteractableException: element not interactable
  (Session info: chrome=122.0.6261.129)
Build info: version: &apos;4.16.1&apos;, revision: &apos;9b4c83354e&apos;
System info: os.name: &apos;Windows 10&apos;, os.arch: &apos;amd64&apos;, os.version: &apos;10.0&apos;, java.version: &apos;16.0.2&apos;
Driver info: org.openqa.selenium.chrome.ChromeDriver
Command: [a7bfc15b73b11f16d705cc7d1230e20b, clickElement {id=f.01CE723C31198FB8A9F7418334E00C57.d.663374643F67226D04FA14F556B6B569.e.163}]
Capabilities {acceptInsecureCerts: false, browserName: chrome, browserVersion: 122.0.6261.129, chrome: {chromedriverVersion: 122.0.6261.128 (f18a44fedeb..., userDataDir: C:\Users\kahme\AppData\Loca...}, fedcm:accounts: true, goog:chromeOptions: {debuggerAddress: localhost:58294}, networkConnectionEnabled: false, pageLoadStrategy: normal, platformName: windows, proxy: Proxy(), se:cdp: ws://localhost:58294/devtoo..., se:cdpVersion: 122.0.6261.129, setWindowRect: true, strictFileInteractability: false, timeouts: {implicit: 0, pageLoad: 300000, script: 30000}, unhandledPromptBehavior: dismiss and notify, webauthn:extension:credBlob: true, webauthn:extension:largeBlob: true, webauthn:extension:minPinLength: true, webauthn:extension:prf: true, webauthn:virtualAuthenticators: true}
Element: [[ChromeDriver: chrome on windows (a7bfc15b73b11f16d705cc7d1230e20b)] -&gt; xpath: //div[4]/a[@rel=&apos;nofollow&apos;]/span]
Session ID: a7bfc15b73b11f16d705cc7d1230e20b
	at org.openqa.selenium.remote.codec.w3c.W3CHttpResponseCodec.createException(W3CHttpResponseCodec.java:200)
	at org.openqa.selenium.remote.codec.w3c.W3CHttpResponseCodec.decode(W3CHttpResponseCodec.java:133)
	at org.openqa.selenium.remote.codec.w3c.W3CHttpResponseCodec.decode(W3CHttpResponseCodec.java:52)
	at org.openqa.selenium.remote.HttpCommandExecutor.execute(HttpCommandExecutor.java:191)
	at org.openqa.selenium.remote.service.DriverCommandExecutor.invokeExecute(DriverCommandExecutor.java:200)
	at org.openqa.selenium.remote.service.DriverCommandExecutor.execute(DriverCommandExecutor.java:175)
	at org.openqa.selenium.remote.RemoteWebDriver.execute(RemoteWebDriver.java:523)
	at org.openqa.selenium.remote.RemoteWebElement.execute(RemoteWebElement.java:224)
	at org.openqa.selenium.remote.RemoteWebElement.click(RemoteWebElement.java:77)
	at com.prach_project.pageobject.Addtocart.proccedToCheckOut(Addtocart.java:36)
	at com.prach_project.testcases.TC_women_001.verifyWomenProductIsSelecting(TC_women_001.java:42)
	at java.base/java.util.ArrayList.forEach(ArrayList.java:1511)
... Removed 32 stack frames
</div> <!-- stack-trace -->
                </div> <!-- method-content -->
              </div> <!-- method -->
              <div class="method">
                <div class="method-content">
                  <a name="verifyWomenProductIsSelecting(qwer@gmail.com, rambo)">
                  </a> <!-- verifyWomenProductIsSelecting(qwer@gmail.com, rambo) -->
                  <span class="method-name">verifyWomenProductIsSelecting</span>
                  <span class="parameters">(qwer@gmail.com,rambo)</span>
                  <div class="stack-trace">org.openqa.selenium.interactions.MoveTargetOutOfBoundsException: Origin element &lt;a href=&quot;http://www.automationpractice.pl/index.php?id_category=10&amp;controller=category&quot;&gt; is not displayed
Build info: version: &apos;4.16.1&apos;, revision: &apos;9b4c83354e&apos;
System info: os.name: &apos;Windows 10&apos;, os.arch: &apos;amd64&apos;, os.version: &apos;10.0&apos;, java.version: &apos;16.0.2&apos;
Driver info: org.openqa.selenium.firefox.FirefoxDriver
Command: [24295e33-d9ce-4495-90ed-a052acce6bdb, actions {actions=[org.openqa.selenium.interactions.Sequence@52b30054]}]
Capabilities {acceptInsecureCerts: true, browserName: firefox, browserVersion: 123.0.1, moz:accessibilityChecks: false, moz:buildID: 20240304104836, moz:debuggerAddress: 127.0.0.1:17966, moz:geckodriverVersion: 0.34.0, moz:headless: false, moz:platformVersion: 10.0, moz:processID: 30828, moz:profile: C:\Users\kahme\AppData\Loca..., moz:shutdownTimeout: 60000, moz:webdriverClick: true, moz:windowless: false, pageLoadStrategy: normal, platformName: windows, proxy: Proxy(), se:cdp: ws://127.0.0.1:17966/devtoo..., se:cdpVersion: 85.0, setWindowRect: true, strictFileInteractability: false, timeouts: {implicit: 0, pageLoad: 300000, script: 30000}, unhandledPromptBehavior: dismiss and notify}
Session ID: 24295e33-d9ce-4495-90ed-a052acce6bdb
	at org.openqa.selenium.remote.codec.w3c.W3CHttpResponseCodec.createException(W3CHttpResponseCodec.java:200)
	at org.openqa.selenium.remote.codec.w3c.W3CHttpResponseCodec.decode(W3CHttpResponseCodec.java:133)
	at org.openqa.selenium.remote.codec.w3c.W3CHttpResponseCodec.decode(W3CHttpResponseCodec.java:52)
	at org.openqa.selenium.remote.HttpCommandExecutor.execute(HttpCommandExecutor.java:191)
	at org.openqa.selenium.remote.service.DriverCommandExecutor.invokeExecute(DriverCommandExecutor.java:200)
	at org.openqa.selenium.remote.service.DriverCommandExecutor.execute(DriverCommandExecutor.java:175)
	at org.openqa.selenium.remote.RemoteWebDriver.execute(RemoteWebDriver.java:523)
	at org.openqa.selenium.remote.RemoteWebDriver.perform(RemoteWebDriver.java:609)
	at org.openqa.selenium.interactions.Actions$BuiltAction.perform(Actions.java:598)
	at com.prach_project.pageobject.Womenpage.selectTheEveningDresses(Womenpage.java:62)
	at com.prach_project.testcases.TC_women_001.verifyWomenProductIsSelecting(TC_women_001.java:32)
	at java.base/java.util.ArrayList.forEach(ArrayList.java:1511)
... Removed 32 stack frames
</div> <!-- stack-trace -->
                </div> <!-- method-content -->
              </div> <!-- method -->
              <div class="method">
                <div class="method-content">
                  <a name="verifyWomenProductIsSelecting(null, null)">
                  </a> <!-- verifyWomenProductIsSelecting(null, null) -->
                  <span class="method-name">verifyWomenProductIsSelecting</span>
                  <span class="parameters">(null,null)</span>
                  <div class="stack-trace">org.openqa.selenium.NoSuchElementException: Unable to locate element: //a[@class=&apos;login&apos;]
For documentation on this error, please visit: https://www.selenium.dev/documentation/webdriver/troubleshooting/errors#no-such-element-exception
Build info: version: &apos;4.16.1&apos;, revision: &apos;9b4c83354e&apos;
System info: os.name: &apos;Windows 10&apos;, os.arch: &apos;amd64&apos;, os.version: &apos;10.0&apos;, java.version: &apos;16.0.2&apos;
Driver info: org.openqa.selenium.firefox.FirefoxDriver
Command: [24295e33-d9ce-4495-90ed-a052acce6bdb, findElement {using=xpath, value=//a[@class=&apos;login&apos;]}]
Capabilities {acceptInsecureCerts: true, browserName: firefox, browserVersion: 123.0.1, moz:accessibilityChecks: false, moz:buildID: 20240304104836, moz:debuggerAddress: 127.0.0.1:17966, moz:geckodriverVersion: 0.34.0, moz:headless: false, moz:platformVersion: 10.0, moz:processID: 30828, moz:profile: C:\Users\kahme\AppData\Loca..., moz:shutdownTimeout: 60000, moz:webdriverClick: true, moz:windowless: false, pageLoadStrategy: normal, platformName: windows, proxy: Proxy(), se:cdp: ws://127.0.0.1:17966/devtoo..., se:cdpVersion: 85.0, setWindowRect: true, strictFileInteractability: false, timeouts: {implicit: 0, pageLoad: 300000, script: 30000}, unhandledPromptBehavior: dismiss and notify}
Session ID: 24295e33-d9ce-4495-90ed-a052acce6bdb
	at org.openqa.selenium.remote.codec.w3c.W3CHttpResponseCodec.createException(W3CHttpResponseCodec.java:200)
	at org.openqa.selenium.remote.codec.w3c.W3CHttpResponseCodec.decode(W3CHttpResponseCodec.java:133)
	at org.openqa.selenium.remote.codec.w3c.W3CHttpResponseCodec.decode(W3CHttpResponseCodec.java:52)
	at org.openqa.selenium.remote.HttpCommandExecutor.execute(HttpCommandExecutor.java:191)
	at org.openqa.selenium.remote.service.DriverCommandExecutor.invokeExecute(DriverCommandExecutor.java:200)
	at org.openqa.selenium.remote.service.DriverCommandExecutor.execute(DriverCommandExecutor.java:175)
	at org.openqa.selenium.remote.RemoteWebDriver.execute(RemoteWebDriver.java:523)
	at org.openqa.selenium.remote.ElementLocation$ElementFinder$2.findElement(ElementLocation.java:165)
	at org.openqa.selenium.remote.ElementLocation.findElement(ElementLocation.java:59)
	at org.openqa.selenium.remote.RemoteWebDriver.findElement(RemoteWebDriver.java:360)
	at org.openqa.selenium.remote.RemoteWebDriver.findElement(RemoteWebDriver.java:354)
	at com.prach_project.pageobject.Indexpage.clickSignIn(Indexpage.java:30)
	at com.prach_project.testcases.TC_women_001.verifyWomenProductIsSelecting(TC_women_001.java:19)
	at java.base/java.util.ArrayList.forEach(ArrayList.java:1511)
... Removed 32 stack frames
</div> <!-- stack-trace -->
                </div> <!-- method-content -->
              </div> <!-- method -->
            </div> <!-- main-panel-content rounded-window-bottom -->
          </div> <!-- suite-Failed_suite__Suite_-class-failed -->
          <div class="suite-Failed_suite__Suite_-class-passed">
            <div class="main-panel-header rounded-window-top">
              <img src="passed.png"/>
              <span class="class-name">com.prach_project.testcases.TC_Login_001</span>
            </div> <!-- main-panel-header rounded-window-top -->
            <div class="main-panel-content rounded-window-bottom">
              <div class="method">
                <div class="method-content">
                  <a name="loginForFirst4(qwer@gmail.com, rambo)">
                  </a> <!-- loginForFirst4(qwer@gmail.com, rambo) -->
                  <span class="method-name">loginForFirst4</span>
                  <span class="parameters">(qwer@gmail.com,rambo)</span>
                </div> <!-- method-content -->
              </div> <!-- method -->
            </div> <!-- main-panel-content rounded-window-bottom -->
          </div> <!-- suite-Failed_suite__Suite_-class-passed -->
          <div class="suite-Failed_suite__Suite_-class-passed">
            <div class="main-panel-header rounded-window-top">
              <img src="passed.png"/>
              <span class="class-name">com.prach_project.testcases.TC_women_001</span>
            </div> <!-- main-panel-header rounded-window-top -->
            <div class="main-panel-content rounded-window-bottom">
              <div class="method">
                <div class="method-content">
                  <a name="verifyWomenProductIsSelecting(qwer@gmail.com, rambo)">
                  </a> <!-- verifyWomenProductIsSelecting(qwer@gmail.com, rambo) -->
                  <span class="method-name">verifyWomenProductIsSelecting</span>
                  <span class="parameters">(qwer@gmail.com,rambo)</span>
                </div> <!-- method-content -->
              </div> <!-- method -->
            </div> <!-- main-panel-content rounded-window-bottom -->
          </div> <!-- suite-Failed_suite__Suite_-class-passed -->
        </div> <!-- panel Failed_suite__Suite_ -->
        <div panel-name="test-xml-Failed_suite__Suite_" class="panel">
          <div class="main-panel-header rounded-window-top">
            <span class="header-content">C:\Users\kahme\eclipse-workspace\prach_project\test-output\testng-failed.xml</span>
          </div> <!-- main-panel-header rounded-window-top -->
          <div class="main-panel-content rounded-window-bottom">
            <pre>
&lt;?xml version=&quot;1.0&quot; encoding=&quot;UTF-8&quot;?&gt;
&lt;!DOCTYPE suite SYSTEM &quot;https://testng.org/testng-1.0.dtd&quot;&gt;
&lt;suite name=&quot;Failed suite [Suite]&quot; guice-stage=&quot;DEVELOPMENT&quot;&gt;
  &lt;listeners&gt;
    &lt;listener class-name=&quot;com.prach_project.utilities.Extentreportclient&quot;/&gt;
  &lt;/listeners&gt;
  &lt;test thread-count=&quot;5&quot; name=&quot;edgeTest(failed)&quot;&gt;
    &lt;parameter name=&quot;Browsername&quot; value=&quot;edge&quot;/&gt;
    &lt;classes&gt;
      &lt;class name=&quot;com.prach_project.testcases.TC_women_001&quot;&gt;
        &lt;methods&gt;
          &lt;include name=&quot;teardown&quot;/&gt;
          &lt;include name=&quot;setupapp&quot;/&gt;
          &lt;include name=&quot;verifyWomenProductIsSelecting&quot;/&gt;
        &lt;/methods&gt;
      &lt;/class&gt; &lt;!-- com.prach_project.testcases.TC_women_001 --&gt;
      &lt;class name=&quot;com.prach_project.testcases.TC_Login_001&quot;&gt;
        &lt;methods&gt;
          &lt;include name=&quot;teardown&quot;/&gt;
          &lt;include name=&quot;setupapp&quot;/&gt;
          &lt;include name=&quot;loginForFirst4&quot;/&gt;
        &lt;/methods&gt;
      &lt;/class&gt; &lt;!-- com.prach_project.testcases.TC_Login_001 --&gt;
    &lt;/classes&gt;
  &lt;/test&gt; &lt;!-- edgeTest(failed) --&gt;
  &lt;test thread-count=&quot;5&quot; name=&quot;chromeTest(failed)&quot;&gt;
    &lt;parameter name=&quot;Browsername&quot; value=&quot;chrome&quot;/&gt;
    &lt;classes&gt;
      &lt;class name=&quot;com.prach_project.testcases.TC_women_001&quot;&gt;
        &lt;methods&gt;
          &lt;include name=&quot;teardown&quot;/&gt;
          &lt;include name=&quot;setupapp&quot;/&gt;
          &lt;include name=&quot;verifyWomenProductIsSelecting&quot;/&gt;
        &lt;/methods&gt;
      &lt;/class&gt; &lt;!-- com.prach_project.testcases.TC_women_001 --&gt;
      &lt;class name=&quot;com.prach_project.testcases.TC_Login_001&quot;&gt;
        &lt;methods&gt;
          &lt;include name=&quot;teardown&quot;/&gt;
          &lt;include name=&quot;setupapp&quot;/&gt;
          &lt;include name=&quot;loginForFirst4&quot;/&gt;
        &lt;/methods&gt;
      &lt;/class&gt; &lt;!-- com.prach_project.testcases.TC_Login_001 --&gt;
    &lt;/classes&gt;
  &lt;/test&gt; &lt;!-- chromeTest(failed) --&gt;
  &lt;test thread-count=&quot;5&quot; name=&quot;firefoxTest(failed)&quot;&gt;
    &lt;parameter name=&quot;Browsername&quot; value=&quot;firefox&quot;/&gt;
    &lt;classes&gt;
      &lt;class name=&quot;com.prach_project.testcases.TC_women_001&quot;&gt;
        &lt;methods&gt;
          &lt;include name=&quot;teardown&quot;/&gt;
          &lt;include name=&quot;setupapp&quot;/&gt;
          &lt;include name=&quot;verifyWomenProductIsSelecting&quot;/&gt;
        &lt;/methods&gt;
      &lt;/class&gt; &lt;!-- com.prach_project.testcases.TC_women_001 --&gt;
      &lt;class name=&quot;com.prach_project.testcases.TC_Login_001&quot;&gt;
        &lt;methods&gt;
          &lt;include name=&quot;teardown&quot;/&gt;
          &lt;include name=&quot;setupapp&quot;/&gt;
          &lt;include name=&quot;loginForFirst4&quot;/&gt;
        &lt;/methods&gt;
      &lt;/class&gt; &lt;!-- com.prach_project.testcases.TC_Login_001 --&gt;
    &lt;/classes&gt;
  &lt;/test&gt; &lt;!-- firefoxTest(failed) --&gt;
&lt;/suite&gt; &lt;!-- Failed suite [Suite] --&gt;
            </pre>
          </div> <!-- main-panel-content rounded-window-bottom -->
        </div> <!-- panel -->
        <div panel-name="testlist-Failed_suite__Suite_" class="panel">
          <div class="main-panel-header rounded-window-top">
            <span class="header-content">Tests for Failed suite [Suite]</span>
          </div> <!-- main-panel-header rounded-window-top -->
          <div class="main-panel-content rounded-window-bottom">
            <ul>
              <li>
                <span class="test-name">edgeTest(failed) (2 classes)</span>
              </li>
              <li>
                <span class="test-name">chromeTest(failed) (2 classes)</span>
              </li>
              <li>
                <span class="test-name">firefoxTest(failed) (2 classes)</span>
              </li>
            </ul>
          </div> <!-- main-panel-content rounded-window-bottom -->
        </div> <!-- panel -->
        <div panel-name="group-Failed_suite__Suite_" class="panel">
          <div class="main-panel-header rounded-window-top">
            <span class="header-content">Groups for Failed suite [Suite]</span>
          </div> <!-- main-panel-header rounded-window-top -->
          <div class="main-panel-content rounded-window-bottom">
          </div> <!-- main-panel-content rounded-window-bottom -->
        </div> <!-- panel -->
        <div panel-name="times-Failed_suite__Suite_" class="panel">
          <div class="main-panel-header rounded-window-top">
            <span class="header-content">Times for Failed suite [Suite]</span>
          </div> <!-- main-panel-header rounded-window-top -->
          <div class="main-panel-content rounded-window-bottom">
            <div class="times-div">
              <script type="text/javascript">
suiteTableInitFunctions.push('tableData_Failed_suite__Suite_');
function tableData_Failed_suite__Suite_() {
var data = new google.visualization.DataTable();
data.addColumn('number', 'Number');
data.addColumn('string', 'Method');
data.addColumn('string', 'Class');
data.addColumn('number', 'Time (ms)');
data.addRows(21);
data.setCell(0, 0, 0)
data.setCell(0, 1, 'verifyWomenProductIsSelecting')
data.setCell(0, 2, 'com.prach_project.testcases.TC_women_001')
data.setCell(0, 3, 33008);
data.setCell(1, 0, 1)
data.setCell(1, 1, 'verifyWomenProductIsSelecting')
data.setCell(1, 2, 'com.prach_project.testcases.TC_women_001')
data.setCell(1, 3, 24784);
data.setCell(2, 0, 2)
data.setCell(2, 1, 'verifyWomenProductIsSelecting')
data.setCell(2, 2, 'com.prach_project.testcases.TC_women_001')
data.setCell(2, 3, 10152);
data.setCell(3, 0, 3)
data.setCell(3, 1, 'loginForFirst4')
data.setCell(3, 2, 'com.prach_project.testcases.TC_Login_001')
data.setCell(3, 3, 10096);
data.setCell(4, 0, 4)
data.setCell(4, 1, 'loginForFirst4')
data.setCell(4, 2, 'com.prach_project.testcases.TC_Login_001')
data.setCell(4, 3, 10089);
data.setCell(5, 0, 5)
data.setCell(5, 1, 'loginForFirst4')
data.setCell(5, 2, 'com.prach_project.testcases.TC_Login_001')
data.setCell(5, 3, 10082);
data.setCell(6, 0, 6)
data.setCell(6, 1, 'verifyWomenProductIsSelecting')
data.setCell(6, 2, 'com.prach_project.testcases.TC_women_001')
data.setCell(6, 3, 10052);
data.setCell(7, 0, 7)
data.setCell(7, 1, 'loginForFirst4')
data.setCell(7, 2, 'com.prach_project.testcases.TC_Login_001')
data.setCell(7, 3, 10048);
data.setCell(8, 0, 8)
data.setCell(8, 1, 'loginForFirst4')
data.setCell(8, 2, 'com.prach_project.testcases.TC_Login_001')
data.setCell(8, 3, 10039);
data.setCell(9, 0, 9)
data.setCell(9, 1, 'loginForFirst4')
data.setCell(9, 2, 'com.prach_project.testcases.TC_Login_001')
data.setCell(9, 3, 10037);
data.setCell(10, 0, 10)
data.setCell(10, 1, 'loginForFirst4')
data.setCell(10, 2, 'com.prach_project.testcases.TC_Login_001')
data.setCell(10, 3, 10033);
data.setCell(11, 0, 11)
data.setCell(11, 1, 'loginForFirst4')
data.setCell(11, 2, 'com.prach_project.testcases.TC_Login_001')
data.setCell(11, 3, 10028);
data.setCell(12, 0, 12)
data.setCell(12, 1, 'loginForFirst4')
data.setCell(12, 2, 'com.prach_project.testcases.TC_Login_001')
data.setCell(12, 3, 10016);
data.setCell(13, 0, 13)
data.setCell(13, 1, 'loginForFirst4')
data.setCell(13, 2, 'com.prach_project.testcases.TC_Login_001')
data.setCell(13, 3, 10014);
data.setCell(14, 0, 14)
data.setCell(14, 1, 'verifyWomenProductIsSelecting')
data.setCell(14, 2, 'com.prach_project.testcases.TC_women_001')
data.setCell(14, 3, 8630);
data.setCell(15, 0, 15)
data.setCell(15, 1, 'loginForFirst4')
data.setCell(15, 2, 'com.prach_project.testcases.TC_Login_001')
data.setCell(15, 3, 4528);
data.setCell(16, 0, 16)
data.setCell(16, 1, 'loginForFirst4')
data.setCell(16, 2, 'com.prach_project.testcases.TC_Login_001')
data.setCell(16, 3, 2736);
data.setCell(17, 0, 17)
data.setCell(17, 1, 'loginForFirst4')
data.setCell(17, 2, 'com.prach_project.testcases.TC_Login_001')
data.setCell(17, 3, 2674);
data.setCell(18, 0, 18)
data.setCell(18, 1, 'loginForFirst4')
data.setCell(18, 2, 'com.prach_project.testcases.TC_Login_001')
data.setCell(18, 3, 2407);
data.setCell(19, 0, 19)
data.setCell(19, 1, 'verifyWomenProductIsSelecting')
data.setCell(19, 2, 'com.prach_project.testcases.TC_women_001')
data.setCell(19, 3, 1773);
data.setCell(20, 0, 20)
data.setCell(20, 1, 'loginForFirst4')
data.setCell(20, 2, 'com.prach_project.testcases.TC_Login_001')
data.setCell(20, 3, 960);
window.suiteTableData['Failed_suite__Suite_']= { tableData: data, tableDiv: 'times-div-Failed_suite__Suite_'}
return data;
}
              </script>
              <span class="suite-total-time">Total running time: 3 minutes</span>
              <div id="times-div-Failed_suite__Suite_">
              </div> <!-- times-div-Failed_suite__Suite_ -->
            </div> <!-- times-div -->
          </div> <!-- main-panel-content rounded-window-bottom -->
        </div> <!-- panel -->
        <div panel-name="reporter-Failed_suite__Suite_" class="panel">
          <div class="main-panel-header rounded-window-top">
            <span class="header-content">Reporter output for Failed suite [Suite]</span>
          </div> <!-- main-panel-header rounded-window-top -->
          <div class="main-panel-content rounded-window-bottom">
          </div> <!-- main-panel-content rounded-window-bottom -->
        </div> <!-- panel -->
        <div panel-name="ignored-methods-Failed_suite__Suite_" class="panel">
          <div class="main-panel-header rounded-window-top">
            <span class="header-content">6 ignored methods</span>
          </div> <!-- main-panel-header rounded-window-top -->
          <div class="main-panel-content rounded-window-bottom">
            <div class="ignored-class-div">
              <span class="ignored-class-name">com.prach_project.testcases.TC_Login_001</span>
              <div class="ignored-methods-div">
                <span class="ignored-method-name">teardown</span>
                <br/>
                <span class="ignored-method-name">setupapp</span>
                <br/>
                <span class="ignored-method-name">teardown</span>
                <br/>
                <span class="ignored-method-name">setupapp</span>
                <br/>
                <span class="ignored-method-name">setupapp</span>
                <br/>
                <span class="ignored-method-name">teardown</span>
                <br/>
              </div> <!-- ignored-methods-div -->
            </div> <!-- ignored-class-div -->
          </div> <!-- main-panel-content rounded-window-bottom -->
        </div> <!-- panel -->
        <div panel-name="chronological-Failed_suite__Suite_" class="panel">
          <div class="main-panel-header rounded-window-top">
            <span class="header-content">Methods in chronological order</span>
          </div> <!-- main-panel-header rounded-window-top -->
          <div class="main-panel-content rounded-window-bottom">
            <div class="chronological-class">
              <div class="chronological-class-name">com.prach_project.testcases.TC_women_001</div> <!-- chronological-class-name -->
              <div class="configuration-test before">
                <span class="method-name">setupapp(edge)</span>
                <span class="method-start">0 ms</span>
              </div> <!-- configuration-test before -->
              <div class="test-method">
                <span class="method-name">verifyWomenProductIsSelecting(qwer@gmail.com, rambo)</span>
                <span class="method-start">20864 ms</span>
              </div> <!-- test-method -->
              <div class="test-method">
                <img src="failed.png">
                </img>
                <span class="method-name">verifyWomenProductIsSelecting(null, null)</span>
                <span class="method-start">45742 ms</span>
              </div> <!-- test-method -->
            </div> <!-- chronological-class -->
            <div class="chronological-class">
              <div class="chronological-class-name">com.prach_project.testcases.TC_Login_001</div> <!-- chronological-class-name -->
              <div class="test-method">
                <span class="method-name">loginForFirst4(qwer@gmail.com, rambo)</span>
                <span class="method-start">48288 ms</span>
              </div> <!-- test-method -->
              <div class="test-method">
                <img src="failed.png">
                </img>
                <span class="method-name">loginForFirst4(qwertyuiop@gmail.com, rambo)</span>
                <span class="method-start">52817 ms</span>
              </div> <!-- test-method -->
              <div class="test-method">
                <img src="failed.png">
                </img>
                <span class="method-name">loginForFirst4(qwer@gmail.com, rambo1)</span>
                <span class="method-start">55749 ms</span>
              </div> <!-- test-method -->
              <div class="test-method">
                <img src="failed.png">
                </img>
                <span class="method-name">loginForFirst4(qwertyuiop@gmail.com, rambo1)</span>
                <span class="method-start">59050 ms</span>
              </div> <!-- test-method -->
              <div class="test-method">
                <img src="failed.png">
                </img>
                <span class="method-name">loginForFirst4(null, null)</span>
                <span class="method-start">62246 ms</span>
              </div> <!-- test-method -->
            </div> <!-- chronological-class -->
            <div class="chronological-class">
              <div class="chronological-class-name">com.prach_project.testcases.TC_women_001</div> <!-- chronological-class-name -->
              <div class="configuration-test after">
                <span class="method-name">teardown</span>
                <span class="method-start">63744 ms</span>
              </div> <!-- configuration-test after -->
              <div class="configuration-test before">
                <span class="method-name">setupapp(chrome)</span>
                <span class="method-start">66155 ms</span>
              </div> <!-- configuration-test before -->
              <div class="test-method">
                <img src="failed.png">
                </img>
                <span class="method-name">verifyWomenProductIsSelecting(qwer@gmail.com, rambo)</span>
                <span class="method-start">78181 ms</span>
              </div> <!-- test-method -->
              <div class="test-method">
                <img src="failed.png">
                </img>
                <span class="method-name">verifyWomenProductIsSelecting(null, null)</span>
                <span class="method-start">111856 ms</span>
              </div> <!-- test-method -->
            </div> <!-- chronological-class -->
            <div class="chronological-class">
              <div class="chronological-class-name">com.prach_project.testcases.TC_Login_001</div> <!-- chronological-class-name -->
              <div class="test-method">
                <img src="failed.png">
                </img>
                <span class="method-name">loginForFirst4(qwer@gmail.com, rambo)</span>
                <span class="method-start">123269 ms</span>
              </div> <!-- test-method -->
              <div class="test-method">
                <img src="failed.png">
                </img>
                <span class="method-name">loginForFirst4(qwertyuiop@gmail.com, rambo)</span>
                <span class="method-start">134699 ms</span>
              </div> <!-- test-method -->
              <div class="test-method">
                <img src="failed.png">
                </img>
                <span class="method-name">loginForFirst4(qwer@gmail.com, rambo1)</span>
                <span class="method-start">145564 ms</span>
              </div> <!-- test-method -->
              <div class="test-method">
                <img src="failed.png">
                </img>
                <span class="method-name">loginForFirst4(qwertyuiop@gmail.com, rambo1)</span>
                <span class="method-start">156287 ms</span>
              </div> <!-- test-method -->
              <div class="test-method">
                <img src="failed.png">
                </img>
                <span class="method-name">loginForFirst4(null, null)</span>
                <span class="method-start">167031 ms</span>
              </div> <!-- test-method -->
            </div> <!-- chronological-class -->
            <div class="chronological-class">
              <div class="chronological-class-name">com.prach_project.testcases.TC_women_001</div> <!-- chronological-class-name -->
              <div class="configuration-test after">
                <span class="method-name">teardown</span>
                <span class="method-start">177810 ms</span>
              </div> <!-- configuration-test after -->
              <div class="configuration-test before">
                <span class="method-name">setupapp(firefox)</span>
                <span class="method-start">179042 ms</span>
              </div> <!-- configuration-test before -->
              <div class="test-method">
                <img src="failed.png">
                </img>
                <span class="method-name">verifyWomenProductIsSelecting(qwer@gmail.com, rambo)</span>
                <span class="method-start">196471 ms</span>
              </div> <!-- test-method -->
              <div class="test-method">
                <img src="failed.png">
                </img>
                <span class="method-name">verifyWomenProductIsSelecting(null, null)</span>
                <span class="method-start">205665 ms</span>
              </div> <!-- test-method -->
            </div> <!-- chronological-class -->
            <div class="chronological-class">
              <div class="chronological-class-name">com.prach_project.testcases.TC_Login_001</div> <!-- chronological-class-name -->
              <div class="test-method">
                <img src="failed.png">
                </img>
                <span class="method-name">loginForFirst4(qwer@gmail.com, rambo)</span>
                <span class="method-start">216172 ms</span>
              </div> <!-- test-method -->
              <div class="test-method">
                <img src="failed.png">
                </img>
                <span class="method-name">loginForFirst4(qwertyuiop@gmail.com, rambo)</span>
                <span class="method-start">226476 ms</span>
              </div> <!-- test-method -->
              <div class="test-method">
                <img src="failed.png">
                </img>
                <span class="method-name">loginForFirst4(qwer@gmail.com, rambo1)</span>
                <span class="method-start">236963 ms</span>
              </div> <!-- test-method -->
              <div class="test-method">
                <img src="failed.png">
                </img>
                <span class="method-name">loginForFirst4(qwertyuiop@gmail.com, rambo1)</span>
                <span class="method-start">247270 ms</span>
              </div> <!-- test-method -->
              <div class="test-method">
                <img src="failed.png">
                </img>
                <span class="method-name">loginForFirst4(null, null)</span>
                <span class="method-start">257614 ms</span>
              </div> <!-- test-method -->
            </div> <!-- chronological-class -->
            <div class="chronological-class">
              <div class="chronological-class-name">com.prach_project.testcases.TC_women_001</div> <!-- chronological-class-name -->
              <div class="configuration-test after">
                <span class="method-name">teardown</span>
                <span class="method-start">267942 ms</span>
              </div> <!-- configuration-test after -->
          </div> <!-- main-panel-content rounded-window-bottom -->
        </div> <!-- panel -->
      </div> <!-- main-panel-root -->
    </div> <!-- wrapper -->
  </body>
<script type="text/javascript" src="testng-reports2.js"></script>
</html>
